<dec f='linux-5.3.1/include/linux/kfifo.h' l='46' type='unsigned int'/>
<offset>32</offset>
<use f='linux-5.3.1/drivers/hid/hid-debug.c' l='1099' macro='1' u='r' c='hid_debug_events_read'/>
<use f='linux-5.3.1/drivers/hid/hid-debug.c' l='1103' macro='1' u='r' c='hid_debug_events_read'/>
<use f='linux-5.3.1/drivers/hid/hid-debug.c' l='1156' macro='1' u='r' c='hid_debug_events_poll'/>
<use f='linux-5.3.1/drivers/pci/pcie/aer.c' l='1217' macro='1' u='r' c='aer_isr'/>
<use f='linux-5.3.1/drivers/pci/pcie/aer.c' l='1220' macro='1' u='r' c='aer_isr'/>
<use f='linux-5.3.1/drivers/pci/pcie/aer.c' l='1220' macro='1' u='r' c='aer_isr'/>
<use f='linux-5.3.1/drivers/pci/pcie/aer.c' l='1220' macro='1' u='w' c='aer_isr'/>
<use f='linux-5.3.1/drivers/pci/pcie/aer.c' l='1247' macro='1' u='r' c='aer_irq'/>
<use f='linux-5.3.1/lib/kfifo.c' l='21' u='r' c='kfifo_unused'/>
<use f='linux-5.3.1/lib/kfifo.c' l='34' u='w' c='__kfifo_alloc'/>
<use f='linux-5.3.1/lib/kfifo.c' l='59' u='w' c='__kfifo_free'/>
<use f='linux-5.3.1/lib/kfifo.c' l='75' u='w' c='__kfifo_init'/>
<use f='linux-5.3.1/lib/kfifo.c' l='157' u='r' c='__kfifo_out_peek'/>
<use f='linux-5.3.1/lib/kfifo.c' l='161' u='r' c='__kfifo_out_peek'/>
<use f='linux-5.3.1/lib/kfifo.c' l='170' u='w' c='__kfifo_out'/>
<use f='linux-5.3.1/lib/kfifo.c' l='281' u='r' c='__kfifo_to_user'/>
<use f='linux-5.3.1/lib/kfifo.c' l='284' u='r' c='__kfifo_to_user'/>
<use f='linux-5.3.1/lib/kfifo.c' l='290' u='w' c='__kfifo_to_user'/>
<use f='linux-5.3.1/lib/kfifo.c' l='374' u='r' c='__kfifo_dma_out_prepare'/>
<use f='linux-5.3.1/lib/kfifo.c' l='378' u='r' c='__kfifo_dma_out_prepare'/>
<use f='linux-5.3.1/lib/kfifo.c' l='404' u='r' c='__kfifo_peek_n'/>
<use f='linux-5.3.1/lib/kfifo.c' l='407' u='r' c='__kfifo_peek_n'/>
<use f='linux-5.3.1/lib/kfifo.c' l='460' u='r' c='kfifo_out_copy_r'/>
<use f='linux-5.3.1/lib/kfifo.c' l='469' u='r' c='__kfifo_out_peek_r'/>
<use f='linux-5.3.1/lib/kfifo.c' l='481' u='r' c='__kfifo_out_r'/>
<use f='linux-5.3.1/lib/kfifo.c' l='485' u='w' c='__kfifo_out_r'/>
<use f='linux-5.3.1/lib/kfifo.c' l='495' u='w' c='__kfifo_skip_r'/>
<use f='linux-5.3.1/lib/kfifo.c' l='529' u='r' c='__kfifo_to_user_r'/>
<use f='linux-5.3.1/lib/kfifo.c' l='538' u='r' c='__kfifo_to_user_r'/>
<use f='linux-5.3.1/lib/kfifo.c' l='543' u='w' c='__kfifo_to_user_r'/>
<use f='linux-5.3.1/lib/kfifo.c' l='578' u='r' c='__kfifo_dma_out_prepare_r'/>
<use f='linux-5.3.1/lib/kfifo.c' l='581' u='r' c='__kfifo_dma_out_prepare_r'/>
<use f='linux-5.3.1/lib/kfifo.c' l='590' u='w' c='__kfifo_dma_out_finish_r'/>
