<dec f='linux-5.3.1/include/net/dst.h' l='35' type='int (*)(struct net *, struct sock *, struct sk_buff *)'/>
<use f='linux-5.3.1/include/net/dst.h' l='436' u='r' c='dst_output'/>
<offset>384</offset>
<use f='linux-5.3.1/net/core/dst.c' l='61' u='w' c='dst_init'/>
<use f='linux-5.3.1/net/core/dst.c' l='162' u='w' c='dst_dev_put'/>
<use f='linux-5.3.1/net/core/dst.c' l='269' u='w' c='__metadata_dst_init'/>
<use f='linux-5.3.1/net/ipv4/route.c' l='1641' u='w' c='rt_dst_alloc'/>
<use f='linux-5.3.1/net/ipv4/route.c' l='1674' u='w' c='rt_dst_clone'/>
<use f='linux-5.3.1/net/ipv4/route.c' l='1674' u='r' c='rt_dst_clone'/>
<use f='linux-5.3.1/net/ipv4/route.c' l='1739' u='w' c='ip_route_input_mc'/>
<use f='linux-5.3.1/net/ipv4/route.c' l='2182' u='w' c='ip_route_input_slow'/>
<use f='linux-5.3.1/net/ipv4/route.c' l='2414' u='w' c='__mkroute_output'/>
<use f='linux-5.3.1/net/ipv4/route.c' l='2422' u='w' c='__mkroute_output'/>
<use f='linux-5.3.1/net/ipv4/route.c' l='2683' u='w' c='ipv4_blackhole_route'/>
<use f='linux-5.3.1/net/ipv6/route.c' l='308' u='w'/>
<use f='linux-5.3.1/net/ipv6/route.c' l='308' u='w'/>
<use f='linux-5.3.1/net/ipv6/route.c' l='1071' u='w' c='ip6_rt_init_dst_reject'/>
<use f='linux-5.3.1/net/ipv6/route.c' l='1075' u='w' c='ip6_rt_init_dst_reject'/>
<use f='linux-5.3.1/net/ipv6/route.c' l='1081' u='w' c='ip6_rt_init_dst_reject'/>
<use f='linux-5.3.1/net/ipv6/route.c' l='1097' u='w' c='ip6_rt_init_dst'/>
<use f='linux-5.3.1/net/ipv6/route.c' l='2525' u='w' c='ip6_blackhole_route'/>
<use f='linux-5.3.1/net/ipv6/route.c' l='3140' u='w' c='icmp6_dst_alloc'/>
<use f='linux-5.3.1/net/xfrm/xfrm_policy.c' l='2621' u='w' c='xfrm_bundle_create'/>
<use f='linux-5.3.1/net/xfrm/xfrm_policy.c' l='2623' u='w' c='xfrm_bundle_create'/>
<use f='linux-5.3.1/net/xfrm/xfrm_policy.c' l='2903' u='w' c='xfrm_create_dummy_bundle'/>
