<dec f='linux-5.3.1/net/mac80211/key.h' l='60' type='struct sta_info *'/>
<offset>128</offset>
<use f='linux-5.3.1/net/mac80211/key.c' l='155' u='r' c='ieee80211_key_enable_hw_accel'/>
<use f='linux-5.3.1/net/mac80211/key.c' l='245' u='r' c='ieee80211_key_disable_hw_accel'/>
<use f='linux-5.3.1/net/mac80211/key.c' l='266' u='r' c='ieee80211_set_tx_key'/>
<use f='linux-5.3.1/net/mac80211/key.c' l='284' u='r' c='ieee80211_pairwise_rekey'/>
<use f='linux-5.3.1/net/mac80211/key.c' l='812' u='w' c='ieee80211_key_link'/>
<use f='linux-5.3.1/net/mac80211/key.c' l='840' u='r' c='ieee80211_key_free'/>
<use f='linux-5.3.1/net/mac80211/key.c' l='911' u='r' c='ieee80211_iter_keys'/>
<use f='linux-5.3.1/net/mac80211/key.c' l='911' u='r' c='ieee80211_iter_keys'/>
<use f='linux-5.3.1/net/mac80211/key.c' l='918' u='r' c='ieee80211_iter_keys'/>
<use f='linux-5.3.1/net/mac80211/key.c' l='918' u='r' c='ieee80211_iter_keys'/>
<use f='linux-5.3.1/net/mac80211/key.c' l='939' u='r' c='_ieee80211_iter_keys_rcu'/>
<use f='linux-5.3.1/net/mac80211/key.c' l='939' u='r' c='_ieee80211_iter_keys_rcu'/>
<use f='linux-5.3.1/net/mac80211/key.c' l='945' u='r' c='_ieee80211_iter_keys_rcu'/>
<use f='linux-5.3.1/net/mac80211/key.c' l='945' u='r' c='_ieee80211_iter_keys_rcu'/>
<use f='linux-5.3.1/net/mac80211/key.c' l='984' u='r' c='ieee80211_free_keys_iface'/>
<use f='linux-5.3.1/net/mac80211/key.c' l='1052' u='r' c='ieee80211_free_sta_keys'/>
<use f='linux-5.3.1/net/mac80211/key.c' l='1063' u='r' c='ieee80211_free_sta_keys'/>
<use f='linux-5.3.1/net/mac80211/tkip.c' l='290' u='r' c='ieee80211_tkip_decrypt_data'/>
