<dec f='linux-5.3.1/net/mac80211/ieee80211_i.h' l='174' type='struct sta_info *'/>
<offset>384</offset>
<use f='linux-5.3.1/net/mac80211/tx.c' l='322' u='r' c='ieee80211_tx_h_check_assoc'/>
<use f='linux-5.3.1/net/mac80211/tx.c' l='323' u='r' c='ieee80211_tx_h_check_assoc'/>
<use f='linux-5.3.1/net/mac80211/tx.c' l='482' u='r' c='ieee80211_tx_h_unicast_ps_buf'/>
<use f='linux-5.3.1/net/mac80211/tx.c' l='594' u='r' c='ieee80211_tx_h_select_key'/>
<use f='linux-5.3.1/net/mac80211/tx.c' l='595' u='r' c='ieee80211_tx_h_select_key'/>
<use f='linux-5.3.1/net/mac80211/tx.c' l='595' u='r' c='ieee80211_tx_h_select_key'/>
<use f='linux-5.3.1/net/mac80211/tx.c' l='595' u='r' c='ieee80211_tx_h_select_key'/>
<use f='linux-5.3.1/net/mac80211/tx.c' l='595' u='r' c='ieee80211_tx_h_select_key'/>
<use f='linux-5.3.1/net/mac80211/tx.c' l='595' u='r' c='ieee80211_tx_h_select_key'/>
<use f='linux-5.3.1/net/mac80211/tx.c' l='595' u='r' c='ieee80211_tx_h_select_key'/>
<use f='linux-5.3.1/net/mac80211/tx.c' l='595' u='r' c='ieee80211_tx_h_select_key'/>
<use f='linux-5.3.1/net/mac80211/tx.c' l='595' u='r' c='ieee80211_tx_h_select_key'/>
<use f='linux-5.3.1/net/mac80211/tx.c' l='595' u='r' c='ieee80211_tx_h_select_key'/>
<use f='linux-5.3.1/net/mac80211/tx.c' l='595' u='r' c='ieee80211_tx_h_select_key'/>
<use f='linux-5.3.1/net/mac80211/tx.c' l='595' u='r' c='ieee80211_tx_h_select_key'/>
<use f='linux-5.3.1/net/mac80211/tx.c' l='595' u='r' c='ieee80211_tx_h_select_key'/>
<use f='linux-5.3.1/net/mac80211/tx.c' l='595' u='r' c='ieee80211_tx_h_select_key'/>
<use f='linux-5.3.1/net/mac80211/tx.c' l='595' u='r' c='ieee80211_tx_h_select_key'/>
<use f='linux-5.3.1/net/mac80211/tx.c' l='595' u='r' c='ieee80211_tx_h_select_key'/>
<use f='linux-5.3.1/net/mac80211/tx.c' l='595' u='r' c='ieee80211_tx_h_select_key'/>
<use f='linux-5.3.1/net/mac80211/tx.c' l='631' u='r' c='ieee80211_tx_h_select_key'/>
<use f='linux-5.3.1/net/mac80211/tx.c' l='712' u='r' c='ieee80211_tx_h_rate_ctrl'/>
<use f='linux-5.3.1/net/mac80211/tx.c' l='712' u='r' c='ieee80211_tx_h_rate_ctrl'/>
<use f='linux-5.3.1/net/mac80211/tx.c' l='721' u='r' c='ieee80211_tx_h_rate_ctrl'/>
<use f='linux-5.3.1/net/mac80211/tx.c' l='722' u='r' c='ieee80211_tx_h_rate_ctrl'/>
<use f='linux-5.3.1/net/mac80211/tx.c' l='729' u='r' c='ieee80211_tx_h_rate_ctrl'/>
<use f='linux-5.3.1/net/mac80211/tx.c' l='741' u='r' c='ieee80211_tx_h_rate_ctrl'/>
<use f='linux-5.3.1/net/mac80211/tx.c' l='743' u='r' c='ieee80211_tx_h_rate_ctrl'/>
<use f='linux-5.3.1/net/mac80211/tx.c' l='744' u='r' c='ieee80211_tx_h_rate_ctrl'/>
<use f='linux-5.3.1/net/mac80211/tx.c' l='744' u='r' c='ieee80211_tx_h_rate_ctrl'/>
<use f='linux-5.3.1/net/mac80211/tx.c' l='744' u='r' c='ieee80211_tx_h_rate_ctrl'/>
<use f='linux-5.3.1/net/mac80211/tx.c' l='744' u='r' c='ieee80211_tx_h_rate_ctrl'/>
<use f='linux-5.3.1/net/mac80211/tx.c' l='744' u='r' c='ieee80211_tx_h_rate_ctrl'/>
<use f='linux-5.3.1/net/mac80211/tx.c' l='744' u='r' c='ieee80211_tx_h_rate_ctrl'/>
<use f='linux-5.3.1/net/mac80211/tx.c' l='744' u='r' c='ieee80211_tx_h_rate_ctrl'/>
<use f='linux-5.3.1/net/mac80211/tx.c' l='744' u='r' c='ieee80211_tx_h_rate_ctrl'/>
<use f='linux-5.3.1/net/mac80211/tx.c' l='767' u='r' c='ieee80211_tx_h_rate_ctrl'/>
<use f='linux-5.3.1/net/mac80211/tx.c' l='768' u='r' c='ieee80211_tx_h_rate_ctrl'/>
<use f='linux-5.3.1/net/mac80211/tx.c' l='769' u='r' c='ieee80211_tx_h_rate_ctrl'/>
<use f='linux-5.3.1/net/mac80211/tx.c' l='770' u='r' c='ieee80211_tx_h_rate_ctrl'/>
<use f='linux-5.3.1/net/mac80211/tx.c' l='835' u='r' c='ieee80211_tx_h_sequence'/>
<use f='linux-5.3.1/net/mac80211/tx.c' l='836' u='r' c='ieee80211_tx_h_sequence'/>
<use f='linux-5.3.1/net/mac80211/tx.c' l='845' u='r' c='ieee80211_tx_h_sequence'/>
<use f='linux-5.3.1/net/mac80211/tx.c' l='850' u='r' c='ieee80211_tx_h_sequence'/>
<use f='linux-5.3.1/net/mac80211/tx.c' l='852' u='r' c='ieee80211_tx_h_sequence'/>
<use f='linux-5.3.1/net/mac80211/tx.c' l='998' u='r' c='ieee80211_tx_h_stats'/>
<use f='linux-5.3.1/net/mac80211/tx.c' l='1003' u='r' c='ieee80211_tx_h_stats'/>
<use f='linux-5.3.1/net/mac80211/tx.c' l='1006' u='r' c='ieee80211_tx_h_stats'/>
<use f='linux-5.3.1/net/mac80211/tx.c' l='1092' u='r' c='ieee80211_tx_prep_agg'/>
<use f='linux-5.3.1/net/mac80211/tx.c' l='1093' u='r' c='ieee80211_tx_prep_agg'/>
<use f='linux-5.3.1/net/mac80211/tx.c' l='1112' u='r' c='ieee80211_tx_prep_agg'/>
<use f='linux-5.3.1/net/mac80211/tx.c' l='1122' u='r' c='ieee80211_tx_prep_agg'/>
<use f='linux-5.3.1/net/mac80211/tx.c' l='1123' u='r' c='ieee80211_tx_prep_agg'/>
<use f='linux-5.3.1/net/mac80211/tx.c' l='1125' u='r' c='ieee80211_tx_prep_agg'/>
<use f='linux-5.3.1/net/mac80211/tx.c' l='1125' u='r' c='ieee80211_tx_prep_agg'/>
<use f='linux-5.3.1/net/mac80211/tx.c' l='1134' u='r' c='ieee80211_tx_prep_agg'/>
<use f='linux-5.3.1/net/mac80211/tx.c' l='1179' u='w' c='ieee80211_tx_prepare'/>
<use f='linux-5.3.1/net/mac80211/tx.c' l='1182' u='w' c='ieee80211_tx_prepare'/>
<use f='linux-5.3.1/net/mac80211/tx.c' l='1183' u='r' c='ieee80211_tx_prepare'/>
<use f='linux-5.3.1/net/mac80211/tx.c' l='1188' u='w' c='ieee80211_tx_prepare'/>
<use f='linux-5.3.1/net/mac80211/tx.c' l='1190' u='r' c='ieee80211_tx_prepare'/>
<use f='linux-5.3.1/net/mac80211/tx.c' l='1191' u='w' c='ieee80211_tx_prepare'/>
<use f='linux-5.3.1/net/mac80211/tx.c' l='1194' u='r' c='ieee80211_tx_prepare'/>
<use f='linux-5.3.1/net/mac80211/tx.c' l='1202' u='r' c='ieee80211_tx_prepare'/>
<use f='linux-5.3.1/net/mac80211/tx.c' l='1202' u='r' c='ieee80211_tx_prepare'/>
<use f='linux-5.3.1/net/mac80211/tx.c' l='1202' u='r' c='ieee80211_tx_prepare'/>
<use f='linux-5.3.1/net/mac80211/tx.c' l='1202' u='r' c='ieee80211_tx_prepare'/>
<use f='linux-5.3.1/net/mac80211/tx.c' l='1202' u='r' c='ieee80211_tx_prepare'/>
<use f='linux-5.3.1/net/mac80211/tx.c' l='1202' u='r' c='ieee80211_tx_prepare'/>
<use f='linux-5.3.1/net/mac80211/tx.c' l='1202' u='r' c='ieee80211_tx_prepare'/>
<use f='linux-5.3.1/net/mac80211/tx.c' l='1202' u='r' c='ieee80211_tx_prepare'/>
<use f='linux-5.3.1/net/mac80211/tx.c' l='1227' u='r' c='ieee80211_tx_prepare'/>
<use f='linux-5.3.1/net/mac80211/tx.c' l='1229' u='r' c='ieee80211_tx_prepare'/>
<use f='linux-5.3.1/net/mac80211/tx.c' l='1231' u='r' c='ieee80211_tx_prepare'/>
<use f='linux-5.3.1/net/mac80211/tx.c' l='1869' u='r' c='ieee80211_tx_prepare_skb'/>
<use f='linux-5.3.1/net/mac80211/tx.c' l='1870' u='r' c='ieee80211_tx_prepare_skb'/>
<use f='linux-5.3.1/net/mac80211/tx.c' l='1928' u='r' c='ieee80211_tx'/>
<use f='linux-5.3.1/net/mac80211/tx.c' l='1933' u='r' c='ieee80211_tx'/>
<use f='linux-5.3.1/net/mac80211/tx.c' l='3504' u='w' c='ieee80211_xmit_fast'/>
<use f='linux-5.3.1/net/mac80211/tx.c' l='3582' u='w' c='ieee80211_tx_dequeue'/>
<use f='linux-5.3.1/net/mac80211/tx.c' l='4053' u='w' c='ieee80211_build_data_template'/>
