<dec f='linux-5.3.1/net/mac80211/ieee80211_i.h' l='223' type='struct sta_info *'/>
<offset>256</offset>
<use f='linux-5.3.1/net/mac80211/rx.c' l='1070' u='r' c='ieee80211_rx_mesh_check'/>
<use f='linux-5.3.1/net/mac80211/rx.c' l='1070' u='r' c='ieee80211_rx_mesh_check'/>
<use f='linux-5.3.1/net/mac80211/rx.c' l='1365' u='r' c='ieee80211_rx_reorder_ampdu'/>
<use f='linux-5.3.1/net/mac80211/rx.c' l='1389' u='r' c='ieee80211_rx_reorder_ampdu'/>
<use f='linux-5.3.1/net/mac80211/rx.c' l='1390' u='r' c='ieee80211_rx_reorder_ampdu'/>
<use f='linux-5.3.1/net/mac80211/rx.c' l='1391' u='r' c='ieee80211_rx_reorder_ampdu'/>
<use f='linux-5.3.1/net/mac80211/rx.c' l='1458' u='r' c='ieee80211_rx_h_check_dup'/>
<use f='linux-5.3.1/net/mac80211/rx.c' l='1462' u='r' c='ieee80211_rx_h_check_dup'/>
<use f='linux-5.3.1/net/mac80211/rx.c' l='1464' u='r' c='ieee80211_rx_h_check_dup'/>
<use f='linux-5.3.1/net/mac80211/rx.c' l='1467' u='r' c='ieee80211_rx_h_check_dup'/>
<use f='linux-5.3.1/net/mac80211/rx.c' l='1495' u='r' c='ieee80211_rx_h_check'/>
<use f='linux-5.3.1/net/mac80211/rx.c' l='1495' u='r' c='ieee80211_rx_h_check'/>
<use f='linux-5.3.1/net/mac80211/rx.c' l='1501' u='r' c='ieee80211_rx_h_check'/>
<use f='linux-5.3.1/net/mac80211/rx.c' l='1696' u='r' c='ieee80211_rx_h_uapsd_and_pspoll'/>
<use f='linux-5.3.1/net/mac80211/rx.c' l='1716' u='r' c='ieee80211_rx_h_uapsd_and_pspoll'/>
<use f='linux-5.3.1/net/mac80211/rx.c' l='1720' u='r' c='ieee80211_rx_h_uapsd_and_pspoll'/>
<use f='linux-5.3.1/net/mac80211/rx.c' l='1734' u='r' c='ieee80211_rx_h_uapsd_and_pspoll'/>
<use f='linux-5.3.1/net/mac80211/rx.c' l='1743' u='r' c='ieee80211_rx_h_sta_process'/>
<use f='linux-5.3.1/net/mac80211/rx.c' l='1788' u='r' c='ieee80211_rx_h_sta_process'/>
<use f='linux-5.3.1/net/mac80211/rx.c' l='1790' u='r' c='ieee80211_rx_h_sta_process'/>
<use f='linux-5.3.1/net/mac80211/rx.c' l='1918' u='r' c='ieee80211_rx_h_decrypt'/>
<use f='linux-5.3.1/net/mac80211/rx.c' l='1919' u='r' c='ieee80211_rx_h_decrypt'/>
<use f='linux-5.3.1/net/mac80211/rx.c' l='1920' u='r' c='ieee80211_rx_h_decrypt'/>
<use f='linux-5.3.1/net/mac80211/rx.c' l='1920' u='r' c='ieee80211_rx_h_decrypt'/>
<use f='linux-5.3.1/net/mac80211/rx.c' l='1920' u='r' c='ieee80211_rx_h_decrypt'/>
<use f='linux-5.3.1/net/mac80211/rx.c' l='1920' u='r' c='ieee80211_rx_h_decrypt'/>
<use f='linux-5.3.1/net/mac80211/rx.c' l='1920' u='r' c='ieee80211_rx_h_decrypt'/>
<use f='linux-5.3.1/net/mac80211/rx.c' l='1920' u='r' c='ieee80211_rx_h_decrypt'/>
<use f='linux-5.3.1/net/mac80211/rx.c' l='1920' u='r' c='ieee80211_rx_h_decrypt'/>
<use f='linux-5.3.1/net/mac80211/rx.c' l='1920' u='r' c='ieee80211_rx_h_decrypt'/>
<use f='linux-5.3.1/net/mac80211/rx.c' l='1923' u='r' c='ieee80211_rx_h_decrypt'/>
<use f='linux-5.3.1/net/mac80211/rx.c' l='1929' u='r' c='ieee80211_rx_h_decrypt'/>
<use f='linux-5.3.1/net/mac80211/rx.c' l='1929' u='r' c='ieee80211_rx_h_decrypt'/>
<use f='linux-5.3.1/net/mac80211/rx.c' l='1929' u='r' c='ieee80211_rx_h_decrypt'/>
<use f='linux-5.3.1/net/mac80211/rx.c' l='1929' u='r' c='ieee80211_rx_h_decrypt'/>
<use f='linux-5.3.1/net/mac80211/rx.c' l='1929' u='r' c='ieee80211_rx_h_decrypt'/>
<use f='linux-5.3.1/net/mac80211/rx.c' l='1929' u='r' c='ieee80211_rx_h_decrypt'/>
<use f='linux-5.3.1/net/mac80211/rx.c' l='1929' u='r' c='ieee80211_rx_h_decrypt'/>
<use f='linux-5.3.1/net/mac80211/rx.c' l='1929' u='r' c='ieee80211_rx_h_decrypt'/>
<use f='linux-5.3.1/net/mac80211/rx.c' l='1953' u='r' c='ieee80211_rx_h_decrypt'/>
<use f='linux-5.3.1/net/mac80211/rx.c' l='1955' u='r' c='ieee80211_rx_h_decrypt'/>
<use f='linux-5.3.1/net/mac80211/rx.c' l='1958' u='r' c='ieee80211_rx_h_decrypt'/>
<use f='linux-5.3.1/net/mac80211/rx.c' l='1958' u='r' c='ieee80211_rx_h_decrypt'/>
<use f='linux-5.3.1/net/mac80211/rx.c' l='1958' u='r' c='ieee80211_rx_h_decrypt'/>
<use f='linux-5.3.1/net/mac80211/rx.c' l='1958' u='r' c='ieee80211_rx_h_decrypt'/>
<use f='linux-5.3.1/net/mac80211/rx.c' l='1958' u='r' c='ieee80211_rx_h_decrypt'/>
<use f='linux-5.3.1/net/mac80211/rx.c' l='1958' u='r' c='ieee80211_rx_h_decrypt'/>
<use f='linux-5.3.1/net/mac80211/rx.c' l='1958' u='r' c='ieee80211_rx_h_decrypt'/>
<use f='linux-5.3.1/net/mac80211/rx.c' l='1958' u='r' c='ieee80211_rx_h_decrypt'/>
<use f='linux-5.3.1/net/mac80211/rx.c' l='1978' u='r' c='ieee80211_rx_h_decrypt'/>
<use f='linux-5.3.1/net/mac80211/rx.c' l='1980' u='r' c='ieee80211_rx_h_decrypt'/>
<use f='linux-5.3.1/net/mac80211/rx.c' l='1980' u='r' c='ieee80211_rx_h_decrypt'/>
<use f='linux-5.3.1/net/mac80211/rx.c' l='1980' u='r' c='ieee80211_rx_h_decrypt'/>
<use f='linux-5.3.1/net/mac80211/rx.c' l='1980' u='r' c='ieee80211_rx_h_decrypt'/>
<use f='linux-5.3.1/net/mac80211/rx.c' l='1980' u='r' c='ieee80211_rx_h_decrypt'/>
<use f='linux-5.3.1/net/mac80211/rx.c' l='1980' u='r' c='ieee80211_rx_h_decrypt'/>
<use f='linux-5.3.1/net/mac80211/rx.c' l='1980' u='r' c='ieee80211_rx_h_decrypt'/>
<use f='linux-5.3.1/net/mac80211/rx.c' l='1980' u='r' c='ieee80211_rx_h_decrypt'/>
<use f='linux-5.3.1/net/mac80211/rx.c' l='2016' u='r' c='ieee80211_rx_h_decrypt'/>
<use f='linux-5.3.1/net/mac80211/rx.c' l='2017' u='r' c='ieee80211_rx_h_decrypt'/>
<use f='linux-5.3.1/net/mac80211/rx.c' l='2017' u='r' c='ieee80211_rx_h_decrypt'/>
<use f='linux-5.3.1/net/mac80211/rx.c' l='2017' u='r' c='ieee80211_rx_h_decrypt'/>
<use f='linux-5.3.1/net/mac80211/rx.c' l='2017' u='r' c='ieee80211_rx_h_decrypt'/>
<use f='linux-5.3.1/net/mac80211/rx.c' l='2017' u='r' c='ieee80211_rx_h_decrypt'/>
<use f='linux-5.3.1/net/mac80211/rx.c' l='2017' u='r' c='ieee80211_rx_h_decrypt'/>
<use f='linux-5.3.1/net/mac80211/rx.c' l='2017' u='r' c='ieee80211_rx_h_decrypt'/>
<use f='linux-5.3.1/net/mac80211/rx.c' l='2017' u='r' c='ieee80211_rx_h_decrypt'/>
<use f='linux-5.3.1/net/mac80211/rx.c' l='2295' u='r' c='ieee80211_rx_h_defragment'/>
<use f='linux-5.3.1/net/mac80211/rx.c' l='2296' u='r' c='ieee80211_rx_h_defragment'/>
<use f='linux-5.3.1/net/mac80211/rx.c' l='2302' u='r' c='ieee80211_802_1x_port_control'/>
<use f='linux-5.3.1/net/mac80211/rx.c' l='2302' u='r' c='ieee80211_802_1x_port_control'/>
<use f='linux-5.3.1/net/mac80211/rx.c' l='2342' u='r' c='ieee80211_drop_unencrypted_mgmt'/>
<use f='linux-5.3.1/net/mac80211/rx.c' l='2342' u='r' c='ieee80211_drop_unencrypted_mgmt'/>
<use f='linux-5.3.1/net/mac80211/rx.c' l='2482' u='r' c='ieee80211_deliver_skb'/>
<use f='linux-5.3.1/net/mac80211/rx.c' l='2488' u='r' c='ieee80211_deliver_skb'/>
<use f='linux-5.3.1/net/mac80211/rx.c' l='2489' u='r' c='ieee80211_deliver_skb'/>
<use f='linux-5.3.1/net/mac80211/rx.c' l='2490' u='r' c='ieee80211_deliver_skb'/>
<use f='linux-5.3.1/net/mac80211/rx.c' l='2588' u='r' c='__ieee80211_rx_h_amsdu'/>
<use f='linux-5.3.1/net/mac80211/rx.c' l='2589' u='r' c='__ieee80211_rx_h_amsdu'/>
<use f='linux-5.3.1/net/mac80211/rx.c' l='2833' u='r' c='ieee80211_rx_h_data'/>
<use f='linux-5.3.1/net/mac80211/rx.c' l='2834' u='r' c='ieee80211_rx_h_data'/>
<use f='linux-5.3.1/net/mac80211/rx.c' l='2836' u='r' c='ieee80211_rx_h_data'/>
<use f='linux-5.3.1/net/mac80211/rx.c' l='2860' u='r' c='ieee80211_rx_h_data'/>
<use f='linux-5.3.1/net/mac80211/rx.c' l='2861' u='r' c='ieee80211_rx_h_data'/>
<use f='linux-5.3.1/net/mac80211/rx.c' l='2911' u='r' c='ieee80211_rx_h_ctrl'/>
<use f='linux-5.3.1/net/mac80211/rx.c' l='2920' u='r' c='ieee80211_rx_h_ctrl'/>
<use f='linux-5.3.1/net/mac80211/rx.c' l='2921' u='r' c='ieee80211_rx_h_ctrl'/>
<use f='linux-5.3.1/net/mac80211/rx.c' l='2922' u='r' c='ieee80211_rx_h_ctrl'/>
<use f='linux-5.3.1/net/mac80211/rx.c' l='2926' u='r' c='ieee80211_rx_h_ctrl'/>
<use f='linux-5.3.1/net/mac80211/rx.c' l='2926' u='r' c='ieee80211_rx_h_ctrl'/>
<use f='linux-5.3.1/net/mac80211/rx.c' l='2926' u='r' c='ieee80211_rx_h_ctrl'/>
<use f='linux-5.3.1/net/mac80211/rx.c' l='2926' u='r' c='ieee80211_rx_h_ctrl'/>
<use f='linux-5.3.1/net/mac80211/rx.c' l='2926' u='r' c='ieee80211_rx_h_ctrl'/>
<use f='linux-5.3.1/net/mac80211/rx.c' l='2926' u='r' c='ieee80211_rx_h_ctrl'/>
<use f='linux-5.3.1/net/mac80211/rx.c' l='2926' u='r' c='ieee80211_rx_h_ctrl'/>
<use f='linux-5.3.1/net/mac80211/rx.c' l='2926' u='r' c='ieee80211_rx_h_ctrl'/>
<use f='linux-5.3.1/net/mac80211/rx.c' l='2933' u='r' c='ieee80211_rx_h_ctrl'/>
<use f='linux-5.3.1/net/mac80211/rx.c' l='3059' u='r' c='ieee80211_rx_h_action'/>
<use f='linux-5.3.1/net/mac80211/rx.c' l='3067' u='r' c='ieee80211_rx_h_action'/>
<use f='linux-5.3.1/net/mac80211/rx.c' l='3103' u='r' c='ieee80211_rx_h_action'/>
<use f='linux-5.3.1/net/mac80211/rx.c' l='3105' u='r' c='ieee80211_rx_h_action'/>
<use f='linux-5.3.1/net/mac80211/rx.c' l='3112' u='r' c='ieee80211_rx_h_action'/>
<use f='linux-5.3.1/net/mac80211/rx.c' l='3115' u='r' c='ieee80211_rx_h_action'/>
<use f='linux-5.3.1/net/mac80211/rx.c' l='3127' u='r' c='ieee80211_rx_h_action'/>
<use f='linux-5.3.1/net/mac80211/rx.c' l='3134' u='r' c='ieee80211_rx_h_action'/>
<use f='linux-5.3.1/net/mac80211/rx.c' l='3137' u='r' c='ieee80211_rx_h_action'/>
<use f='linux-5.3.1/net/mac80211/rx.c' l='3138' u='r' c='ieee80211_rx_h_action'/>
<use f='linux-5.3.1/net/mac80211/rx.c' l='3140' u='r' c='ieee80211_rx_h_action'/>
<use f='linux-5.3.1/net/mac80211/rx.c' l='3143' u='r' c='ieee80211_rx_h_action'/>
<use f='linux-5.3.1/net/mac80211/rx.c' l='3146' u='r' c='ieee80211_rx_h_action'/>
<use f='linux-5.3.1/net/mac80211/rx.c' l='3149' u='r' c='ieee80211_rx_h_action'/>
<use f='linux-5.3.1/net/mac80211/rx.c' l='3152' u='r' c='ieee80211_rx_h_action'/>
<use f='linux-5.3.1/net/mac80211/rx.c' l='3167' u='r' c='ieee80211_rx_h_action'/>
<use f='linux-5.3.1/net/mac80211/rx.c' l='3341' u='r' c='ieee80211_rx_h_action'/>
<use f='linux-5.3.1/net/mac80211/rx.c' l='3342' u='r' c='ieee80211_rx_h_action'/>
<use f='linux-5.3.1/net/mac80211/rx.c' l='3349' u='r' c='ieee80211_rx_h_action'/>
<use f='linux-5.3.1/net/mac80211/rx.c' l='3350' u='r' c='ieee80211_rx_h_action'/>
<use f='linux-5.3.1/net/mac80211/rx.c' l='3377' u='r' c='ieee80211_rx_h_userspace_mgmt'/>
<use f='linux-5.3.1/net/mac80211/rx.c' l='3378' u='r' c='ieee80211_rx_h_userspace_mgmt'/>
<use f='linux-5.3.1/net/mac80211/rx.c' l='3495' u='r' c='ieee80211_rx_h_mgmt'/>
<use f='linux-5.3.1/net/mac80211/rx.c' l='3496' u='r' c='ieee80211_rx_h_mgmt'/>
<use f='linux-5.3.1/net/mac80211/rx.c' l='3577' u='r' c='ieee80211_rx_handlers_result'/>
<use f='linux-5.3.1/net/mac80211/rx.c' l='3578' u='r' c='ieee80211_rx_handlers_result'/>
<use f='linux-5.3.1/net/mac80211/rx.c' l='3596' u='r' c='ieee80211_rx_handlers_result'/>
<use f='linux-5.3.1/net/mac80211/rx.c' l='3597' u='r' c='ieee80211_rx_handlers_result'/>
<use f='linux-5.3.1/net/mac80211/rx.c' l='3705' u='w' c='ieee80211_release_reorder_timeout'/>
<use f='linux-5.3.1/net/mac80211/rx.c' l='3758' u='w' c='ieee80211_mark_rx_ba_filtered_frames'/>
<use f='linux-5.3.1/net/mac80211/rx.c' l='3831' u='r' c='ieee80211_accept_frame'/>
<use f='linux-5.3.1/net/mac80211/rx.c' l='3849' u='r' c='ieee80211_accept_frame'/>
<use f='linux-5.3.1/net/mac80211/rx.c' l='3869' u='r' c='ieee80211_accept_frame'/>
<use f='linux-5.3.1/net/mac80211/rx.c' l='4131' u='r' c='ieee80211_invoke_fast_rx'/>
<use f='linux-5.3.1/net/mac80211/rx.c' l='4354' u='r' c='ieee80211_prepare_and_rx_handle'/>
<use f='linux-5.3.1/net/mac80211/rx.c' l='4357' u='r' c='ieee80211_prepare_and_rx_handle'/>
<use f='linux-5.3.1/net/mac80211/rx.c' l='4357' u='r' c='ieee80211_prepare_and_rx_handle'/>
<use f='linux-5.3.1/net/mac80211/rx.c' l='4357' u='r' c='ieee80211_prepare_and_rx_handle'/>
<use f='linux-5.3.1/net/mac80211/rx.c' l='4357' u='r' c='ieee80211_prepare_and_rx_handle'/>
<use f='linux-5.3.1/net/mac80211/rx.c' l='4357' u='r' c='ieee80211_prepare_and_rx_handle'/>
<use f='linux-5.3.1/net/mac80211/rx.c' l='4357' u='r' c='ieee80211_prepare_and_rx_handle'/>
<use f='linux-5.3.1/net/mac80211/rx.c' l='4357' u='r' c='ieee80211_prepare_and_rx_handle'/>
<use f='linux-5.3.1/net/mac80211/rx.c' l='4357' u='r' c='ieee80211_prepare_and_rx_handle'/>
<use f='linux-5.3.1/net/mac80211/rx.c' l='4436' u='w' c='__ieee80211_rx_handle_packet'/>
<use f='linux-5.3.1/net/mac80211/rx.c' l='4437' u='r' c='__ieee80211_rx_handle_packet'/>
<use f='linux-5.3.1/net/mac80211/rx.c' l='4451' u='w' c='__ieee80211_rx_handle_packet'/>
<use f='linux-5.3.1/net/mac80211/rx.c' l='4459' u='w' c='__ieee80211_rx_handle_packet'/>
<use f='linux-5.3.1/net/mac80211/rx.c' l='4489' u='w' c='__ieee80211_rx_handle_packet'/>
<use f='linux-5.3.1/net/mac80211/rx.c' l='4497' u='w' c='__ieee80211_rx_handle_packet'/>
<use f='linux-5.3.1/net/mac80211/wpa.c' l='277' u='r' c='ieee80211_crypto_tkip_decrypt'/>
<use f='linux-5.3.1/net/mac80211/wpa.c' l='295' u='r' c='ieee80211_crypto_tkip_decrypt'/>
<use f='linux-5.3.1/net/mac80211/wpa.c' l='523' u='r' c='ieee80211_crypto_ccmp_decrypt'/>
<use f='linux-5.3.1/net/mac80211/wpa.c' l='750' u='r' c='ieee80211_crypto_gcmp_decrypt'/>
<use f='linux-5.3.1/net/mac80211/wpa.c' l='851' u='r' c='ieee80211_crypto_cs_decrypt'/>
<use f='linux-5.3.1/net/mac80211/wpa.c' l='851' u='r' c='ieee80211_crypto_cs_decrypt'/>
<use f='linux-5.3.1/net/mac80211/wpa.c' l='858' u='r' c='ieee80211_crypto_cs_decrypt'/>
<use f='linux-5.3.1/net/mac80211/wpa.c' l='1257' u='r' c='ieee80211_crypto_hw_decrypt'/>
<use f='linux-5.3.1/net/mac80211/wpa.c' l='1257' u='r' c='ieee80211_crypto_hw_decrypt'/>
