<dec f='linux-5.3.1/net/mac80211/ieee80211_i.h' l='311' type='struct sta_info *'/>
<use f='linux-5.3.1/net/mac80211/ieee80211_i.h' l='1583' u='r' c='ieee80211_vif_get_num_mcast_if'/>
<offset>128</offset>
<doc f='linux-5.3.1/net/mac80211/ieee80211_i.h' l='310'>/* used for all tx if the VLAN is configured to 4-addr mode */</doc>
<use f='linux-5.3.1/net/mac80211/cfg.c' l='163' c='ieee80211_change_iface'/>
<use f='linux-5.3.1/net/mac80211/cfg.c' l='163' u='r' c='ieee80211_change_iface'/>
<use f='linux-5.3.1/net/mac80211/cfg.c' l='163' u='r' c='ieee80211_change_iface'/>
<use f='linux-5.3.1/net/mac80211/cfg.c' l='163' u='a' c='ieee80211_change_iface'/>
<use f='linux-5.3.1/net/mac80211/cfg.c' l='163' u='r' c='ieee80211_change_iface'/>
<use f='linux-5.3.1/net/mac80211/cfg.c' l='1659' u='r' c='ieee80211_change_station'/>
<use f='linux-5.3.1/net/mac80211/cfg.c' l='1664' c='ieee80211_change_station'/>
<use f='linux-5.3.1/net/mac80211/cfg.c' l='1664' u='r' c='ieee80211_change_station'/>
<use f='linux-5.3.1/net/mac80211/cfg.c' l='1664' u='r' c='ieee80211_change_station'/>
<use f='linux-5.3.1/net/mac80211/cfg.c' l='1664' u='r' c='ieee80211_change_station'/>
<use f='linux-5.3.1/net/mac80211/cfg.c' l='1664' u='r' c='ieee80211_change_station'/>
<use f='linux-5.3.1/net/mac80211/cfg.c' l='1664' u='a' c='ieee80211_change_station'/>
<use f='linux-5.3.1/net/mac80211/cfg.c' l='1664' u='r' c='ieee80211_change_station'/>
<use f='linux-5.3.1/net/mac80211/cfg.c' l='1664' u='a' c='ieee80211_change_station'/>
<use f='linux-5.3.1/net/mac80211/cfg.c' l='1664' u='a' c='ieee80211_change_station'/>
<use f='linux-5.3.1/net/mac80211/cfg.c' l='1664' u='a' c='ieee80211_change_station'/>
<use f='linux-5.3.1/net/mac80211/cfg.c' l='1664' u='a' c='ieee80211_change_station'/>
<use f='linux-5.3.1/net/mac80211/cfg.c' l='1664' u='a' c='ieee80211_change_station'/>
<use f='linux-5.3.1/net/mac80211/cfg.c' l='1664' u='a' c='ieee80211_change_station'/>
<use f='linux-5.3.1/net/mac80211/cfg.c' l='1664' u='r' c='ieee80211_change_station'/>
<use f='linux-5.3.1/net/mac80211/cfg.c' l='1664' u='r' c='ieee80211_change_station'/>
<use f='linux-5.3.1/net/mac80211/cfg.c' l='1664' u='a' c='ieee80211_change_station'/>
<use f='linux-5.3.1/net/mac80211/cfg.c' l='1664' u='r' c='ieee80211_change_station'/>
<use f='linux-5.3.1/net/mac80211/cfg.c' l='1664' u='r' c='ieee80211_change_station'/>
<use f='linux-5.3.1/net/mac80211/cfg.c' l='1664' u='a' c='ieee80211_change_station'/>
<use f='linux-5.3.1/net/mac80211/cfg.c' l='1664' u='a' c='ieee80211_change_station'/>
<use f='linux-5.3.1/net/mac80211/cfg.c' l='1669' u='r' c='ieee80211_change_station'/>
<use f='linux-5.3.1/net/mac80211/cfg.c' l='1670' c='ieee80211_change_station'/>
<use f='linux-5.3.1/net/mac80211/cfg.c' l='1670' u='r' c='ieee80211_change_station'/>
<use f='linux-5.3.1/net/mac80211/cfg.c' l='1670' u='r' c='ieee80211_change_station'/>
<use f='linux-5.3.1/net/mac80211/cfg.c' l='1670' u='a' c='ieee80211_change_station'/>
<use f='linux-5.3.1/net/mac80211/cfg.c' l='1670' u='r' c='ieee80211_change_station'/>
<use f='linux-5.3.1/net/mac80211/rx.c' l='1854' u='r' c='ieee80211_rx_h_sta_process'/>
<use f='linux-5.3.1/net/mac80211/rx.c' l='2386' u='r' c='__ieee80211_data_to_8023'/>
<use f='linux-5.3.1/net/mac80211/rx.c' l='2399' u='r' c='__ieee80211_data_to_8023'/>
<use f='linux-5.3.1/net/mac80211/rx.c' l='2496' u='r' c='ieee80211_deliver_skb'/>
<use f='linux-5.3.1/net/mac80211/rx.c' l='2647' u='r' c='ieee80211_rx_h_amsdu'/>
<use f='linux-5.3.1/net/mac80211/rx.c' l='4029' u='r' c='ieee80211_check_fast_rx'/>
<use f='linux-5.3.1/net/mac80211/rx.c' l='4032' u='r' c='ieee80211_check_fast_rx'/>
<use f='linux-5.3.1/net/mac80211/sta_info.c' l='1014' u='r' c='__sta_info_destroy_part1'/>
<use f='linux-5.3.1/net/mac80211/sta_info.c' l='1014' u='r' c='__sta_info_destroy_part1'/>
<use f='linux-5.3.1/net/mac80211/sta_info.c' l='1014' c='__sta_info_destroy_part1'/>
<use f='linux-5.3.1/net/mac80211/sta_info.c' l='1014' u='a' c='__sta_info_destroy_part1'/>
<use f='linux-5.3.1/net/mac80211/sta_info.c' l='1014' u='r' c='__sta_info_destroy_part1'/>
<use f='linux-5.3.1/net/mac80211/sta_info.c' l='1014' u='a' c='__sta_info_destroy_part1'/>
<use f='linux-5.3.1/net/mac80211/sta_info.c' l='1014' u='r' c='__sta_info_destroy_part1'/>
<use f='linux-5.3.1/net/mac80211/sta_info.c' l='1014' u='r' c='__sta_info_destroy_part1'/>
<use f='linux-5.3.1/net/mac80211/sta_info.c' l='1015' c='__sta_info_destroy_part1'/>
<use f='linux-5.3.1/net/mac80211/sta_info.c' l='1015' u='r' c='__sta_info_destroy_part1'/>
<use f='linux-5.3.1/net/mac80211/sta_info.c' l='1015' u='r' c='__sta_info_destroy_part1'/>
<use f='linux-5.3.1/net/mac80211/sta_info.c' l='1015' u='a' c='__sta_info_destroy_part1'/>
<use f='linux-5.3.1/net/mac80211/sta_info.c' l='1015' u='r' c='__sta_info_destroy_part1'/>
<use f='linux-5.3.1/net/mac80211/tx.c' l='1182' u='r' c='ieee80211_tx_prepare'/>
<use f='linux-5.3.1/net/mac80211/tx.c' l='1182' u='r' c='ieee80211_tx_prepare'/>
<use f='linux-5.3.1/net/mac80211/tx.c' l='1182' c='ieee80211_tx_prepare'/>
<use f='linux-5.3.1/net/mac80211/tx.c' l='1182' u='a' c='ieee80211_tx_prepare'/>
<use f='linux-5.3.1/net/mac80211/tx.c' l='1182' u='r' c='ieee80211_tx_prepare'/>
<use f='linux-5.3.1/net/mac80211/tx.c' l='1182' u='a' c='ieee80211_tx_prepare'/>
<use f='linux-5.3.1/net/mac80211/tx.c' l='1182' u='r' c='ieee80211_tx_prepare'/>
<use f='linux-5.3.1/net/mac80211/tx.c' l='1182' u='r' c='ieee80211_tx_prepare'/>
<use f='linux-5.3.1/net/mac80211/tx.c' l='2365' u='r' c='ieee80211_lookup_ra_sta'/>
<use f='linux-5.3.1/net/mac80211/tx.c' l='2365' u='r' c='ieee80211_lookup_ra_sta'/>
<use f='linux-5.3.1/net/mac80211/tx.c' l='2365' c='ieee80211_lookup_ra_sta'/>
<use f='linux-5.3.1/net/mac80211/tx.c' l='2365' u='a' c='ieee80211_lookup_ra_sta'/>
<use f='linux-5.3.1/net/mac80211/tx.c' l='2365' u='r' c='ieee80211_lookup_ra_sta'/>
<use f='linux-5.3.1/net/mac80211/tx.c' l='2365' u='a' c='ieee80211_lookup_ra_sta'/>
<use f='linux-5.3.1/net/mac80211/tx.c' l='2365' u='r' c='ieee80211_lookup_ra_sta'/>
<use f='linux-5.3.1/net/mac80211/tx.c' l='2365' u='r' c='ieee80211_lookup_ra_sta'/>
<use f='linux-5.3.1/net/mac80211/tx.c' l='3924' u='r' c='ieee80211_multicast_to_unicast'/>
<use f='linux-5.3.1/net/mac80211/wme.c' l='198' u='r' c='ieee80211_select_queue'/>
<use f='linux-5.3.1/net/mac80211/wme.c' l='198' u='r' c='ieee80211_select_queue'/>
<use f='linux-5.3.1/net/mac80211/wme.c' l='198' c='ieee80211_select_queue'/>
<use f='linux-5.3.1/net/mac80211/wme.c' l='198' u='a' c='ieee80211_select_queue'/>
<use f='linux-5.3.1/net/mac80211/wme.c' l='198' u='r' c='ieee80211_select_queue'/>
<use f='linux-5.3.1/net/mac80211/wme.c' l='198' u='a' c='ieee80211_select_queue'/>
<use f='linux-5.3.1/net/mac80211/wme.c' l='198' u='r' c='ieee80211_select_queue'/>
<use f='linux-5.3.1/net/mac80211/wme.c' l='198' u='r' c='ieee80211_select_queue'/>
