<dec f='linux-5.3.1/include/net/mac80211.h' l='2046' type='struct ieee80211_sta *'/>
<offset>64</offset>
<use f='linux-5.3.1/net/mac80211/tx.c' l='1346' u='r' c='fq_tin_dequeue_func'/>
<use f='linux-5.3.1/net/mac80211/tx.c' l='1347' u='r' c='fq_tin_dequeue_func'/>
<use f='linux-5.3.1/net/mac80211/tx.c' l='1347' u='r' c='fq_tin_dequeue_func'/>
<use f='linux-5.3.1/net/mac80211/tx.c' l='1347' u='r' c='fq_tin_dequeue_func'/>
<use f='linux-5.3.1/net/mac80211/tx.c' l='1480' u='w' c='ieee80211_txq_init'/>
<use f='linux-5.3.1/net/mac80211/tx.c' l='3581' u='r' c='ieee80211_tx_dequeue'/>
<use f='linux-5.3.1/net/mac80211/tx.c' l='3582' u='r' c='ieee80211_tx_dequeue'/>
<use f='linux-5.3.1/net/mac80211/tx.c' l='3582' u='r' c='ieee80211_tx_dequeue'/>
<use f='linux-5.3.1/net/mac80211/tx.c' l='3582' u='r' c='ieee80211_tx_dequeue'/>
<use f='linux-5.3.1/net/mac80211/tx.c' l='3600' u='r' c='ieee80211_tx_dequeue'/>
<use f='linux-5.3.1/net/mac80211/tx.c' l='3600' u='r' c='ieee80211_tx_dequeue'/>
<use f='linux-5.3.1/net/mac80211/tx.c' l='3600' u='r' c='ieee80211_tx_dequeue'/>
<use f='linux-5.3.1/net/mac80211/tx.c' l='3683' u='r' c='ieee80211_next_txq'/>
<use f='linux-5.3.1/net/mac80211/tx.c' l='3684' u='r' c='ieee80211_next_txq'/>
<use f='linux-5.3.1/net/mac80211/tx.c' l='3684' u='r' c='ieee80211_next_txq'/>
<use f='linux-5.3.1/net/mac80211/tx.c' l='3684' u='r' c='ieee80211_next_txq'/>
<use f='linux-5.3.1/net/mac80211/tx.c' l='3729' u='r' c='__ieee80211_schedule_txq'/>
<use f='linux-5.3.1/net/mac80211/tx.c' l='3753' u='r' c='ieee80211_txq_may_transmit'/>
<use f='linux-5.3.1/net/mac80211/tx.c' l='3764' u='r' c='ieee80211_txq_may_transmit'/>
<use f='linux-5.3.1/net/mac80211/tx.c' l='3769' u='r' c='ieee80211_txq_may_transmit'/>
<use f='linux-5.3.1/net/mac80211/tx.c' l='3769' u='r' c='ieee80211_txq_may_transmit'/>
<use f='linux-5.3.1/net/mac80211/tx.c' l='3769' u='r' c='ieee80211_txq_may_transmit'/>
<use f='linux-5.3.1/net/mac80211/tx.c' l='3775' u='r' c='ieee80211_txq_may_transmit'/>
<use f='linux-5.3.1/net/mac80211/tx.c' l='3775' u='r' c='ieee80211_txq_may_transmit'/>
<use f='linux-5.3.1/net/mac80211/tx.c' l='3775' u='r' c='ieee80211_txq_may_transmit'/>
