<dec f='linux-5.3.1/net/mac80211/sta_info.h' l='624' type='struct ieee80211_sta'/>
<use f='linux-5.3.1/net/mac80211/driver-ops.h' l='43' u='a' c='drv_sync_rx_queues'/>
<use f='linux-5.3.1/net/mac80211/driver-ops.h' l='267' u='a' c='drv_update_tkip_key'/>
<use f='linux-5.3.1/net/mac80211/driver-ops.h' l='518' u='a' c='drv_sta_pre_rcu_remove'/>
<use f='linux-5.3.1/net/mac80211/driver-ops.h' l='521' u='a' c='drv_sta_pre_rcu_remove'/>
<use f='linux-5.3.1/net/mac80211/driver-ops.h' l='797' u='a' c='drv_release_buffered_frames'/>
<use f='linux-5.3.1/net/mac80211/driver-ops.h' l='800' u='a' c='drv_release_buffered_frames'/>
<use f='linux-5.3.1/net/mac80211/driver-ops.h' l='812' u='a' c='drv_allow_buffered_frames'/>
<use f='linux-5.3.1/net/mac80211/driver-ops.h' l='815' u='a' c='drv_allow_buffered_frames'/>
<use f='linux-5.3.1/net/mac80211/driver-ops.h' l='1123' u='a' c='drv_get_expected_throughput'/>
<use f='linux-5.3.1/net/mac80211/driver-ops.h' l='1125' u='a' c='drv_get_expected_throughput'/>
<use f='linux-5.3.1/net/mac80211/agg-rx.c' l='64' u='a' c='___ieee80211_stop_rx_ba_session'/>
<use f='linux-5.3.1/net/mac80211/agg-rx.c' l='64' u='a' c='___ieee80211_stop_rx_ba_session'/>
<use f='linux-5.3.1/net/mac80211/agg-rx.c' l='85' u='m' c='___ieee80211_stop_rx_ba_session'/>
<use f='linux-5.3.1/net/mac80211/agg-rx.c' l='92' u='m' c='___ieee80211_stop_rx_ba_session'/>
<use f='linux-5.3.1/net/mac80211/agg-rx.c' l='96' u='m' c='___ieee80211_stop_rx_ba_session'/>
<use f='linux-5.3.1/net/mac80211/agg-rx.c' l='166' u='m' c='sta_rx_agg_session_timer_expired'/>
<use f='linux-5.3.1/net/mac80211/agg-rx.c' l='236' u='a' c='___ieee80211_start_rx_ba_session'/>
<use f='linux-5.3.1/net/mac80211/agg-rx.c' l='236' u='a' c='___ieee80211_start_rx_ba_session'/>
<use f='linux-5.3.1/net/mac80211/agg-rx.c' l='250' u='m' c='___ieee80211_start_rx_ba_session'/>
<use f='linux-5.3.1/net/mac80211/agg-rx.c' l='254' u='m' c='___ieee80211_start_rx_ba_session'/>
<use f='linux-5.3.1/net/mac80211/agg-rx.c' l='257' u='m' c='___ieee80211_start_rx_ba_session'/>
<use f='linux-5.3.1/net/mac80211/agg-rx.c' l='265' u='m' c='___ieee80211_start_rx_ba_session'/>
<use f='linux-5.3.1/net/mac80211/agg-rx.c' l='269' u='m' c='___ieee80211_start_rx_ba_session'/>
<use f='linux-5.3.1/net/mac80211/agg-rx.c' l='279' u='m' c='___ieee80211_start_rx_ba_session'/>
<use f='linux-5.3.1/net/mac80211/agg-rx.c' l='284' u='m' c='___ieee80211_start_rx_ba_session'/>
<use f='linux-5.3.1/net/mac80211/agg-rx.c' l='292' u='m' c='___ieee80211_start_rx_ba_session'/>
<use f='linux-5.3.1/net/mac80211/agg-rx.c' l='293' u='m' c='___ieee80211_start_rx_ba_session'/>
<use f='linux-5.3.1/net/mac80211/agg-rx.c' l='297' u='m' c='___ieee80211_start_rx_ba_session'/>
<use f='linux-5.3.1/net/mac80211/agg-rx.c' l='308' u='m' c='___ieee80211_start_rx_ba_session'/>
<use f='linux-5.3.1/net/mac80211/agg-rx.c' l='326' u='m' c='___ieee80211_start_rx_ba_session'/>
<use f='linux-5.3.1/net/mac80211/agg-rx.c' l='338' u='m' c='___ieee80211_start_rx_ba_session'/>
<use f='linux-5.3.1/net/mac80211/agg-rx.c' l='376' u='m' c='___ieee80211_start_rx_ba_session'/>
<use f='linux-5.3.1/net/mac80211/agg-rx.c' l='413' u='m' c='___ieee80211_start_rx_ba_session'/>
<offset>17472</offset>
<doc f='linux-5.3.1/net/mac80211/sta_info.h' l='623'>/* keep last! */</doc>
<use f='linux-5.3.1/net/mac80211/agg-tx.c' l='192' u='m' c='ieee80211_agg_stop_txq'/>
<use f='linux-5.3.1/net/mac80211/agg-tx.c' l='213' u='m' c='ieee80211_agg_start_txq'/>
<use f='linux-5.3.1/net/mac80211/agg-tx.c' l='304' u='a' c='___ieee80211_stop_tx_ba_session'/>
<use f='linux-5.3.1/net/mac80211/agg-tx.c' l='304' u='a' c='___ieee80211_stop_tx_ba_session'/>
<use f='linux-5.3.1/net/mac80211/agg-tx.c' l='371' u='m' c='___ieee80211_stop_tx_ba_session'/>
<use f='linux-5.3.1/net/mac80211/agg-tx.c' l='441' u='m' c='sta_addba_resp_timer_expired'/>
<use f='linux-5.3.1/net/mac80211/agg-tx.c' l='446' u='m' c='sta_addba_resp_timer_expired'/>
<use f='linux-5.3.1/net/mac80211/agg-tx.c' l='448' u='a' c='sta_addba_resp_timer_expired'/>
<use f='linux-5.3.1/net/mac80211/agg-tx.c' l='457' u='a' c='ieee80211_tx_ba_session_handle_start'/>
<use f='linux-5.3.1/net/mac80211/agg-tx.c' l='457' u='a' c='ieee80211_tx_ba_session_handle_start'/>
<use f='linux-5.3.1/net/mac80211/agg-tx.c' l='491' u='m' c='ieee80211_tx_ba_session_handle_start'/>
<use f='linux-5.3.1/net/mac80211/agg-tx.c' l='507' u='m' c='ieee80211_tx_ba_session_handle_start'/>
<use f='linux-5.3.1/net/mac80211/agg-tx.c' l='514' u='m' c='ieee80211_tx_ba_session_handle_start'/>
<use f='linux-5.3.1/net/mac80211/agg-tx.c' l='527' u='m' c='ieee80211_tx_ba_session_handle_start'/>
<use f='linux-5.3.1/net/mac80211/agg-tx.c' l='554' u='m' c='sta_tx_agg_session_timer_expired'/>
<use f='linux-5.3.1/net/mac80211/agg-tx.c' l='556' u='a' c='sta_tx_agg_session_timer_expired'/>
<use f='linux-5.3.1/net/mac80211/agg-tx.c' l='562' u='r' c='ieee80211_start_tx_ba_session'/>
<use f='linux-5.3.1/net/mac80211/agg-tx.c' l='601' u='m' c='ieee80211_start_tx_ba_session'/>
<use f='linux-5.3.1/net/mac80211/agg-tx.c' l='618' u='m' c='ieee80211_start_tx_ba_session'/>
<use f='linux-5.3.1/net/mac80211/agg-tx.c' l='643' u='m' c='ieee80211_start_tx_ba_session'/>
<use f='linux-5.3.1/net/mac80211/agg-tx.c' l='653' u='m' c='ieee80211_start_tx_ba_session'/>
<use f='linux-5.3.1/net/mac80211/agg-tx.c' l='703' u='a' c='ieee80211_agg_tx_operational'/>
<use f='linux-5.3.1/net/mac80211/agg-tx.c' l='703' u='a' c='ieee80211_agg_tx_operational'/>
<use f='linux-5.3.1/net/mac80211/agg-tx.c' l='717' u='m' c='ieee80211_agg_tx_operational'/>
<use f='linux-5.3.1/net/mac80211/agg-tx.c' l='818' u='r' c='ieee80211_stop_tx_ba_session'/>
<use f='linux-5.3.1/net/mac80211/agg-tx.c' l='865' u='m' c='ieee80211_stop_tx_ba_cb'/>
<use f='linux-5.3.1/net/mac80211/agg-tx.c' l='872' u='m' c='ieee80211_stop_tx_ba_cb'/>
<use f='linux-5.3.1/net/mac80211/agg-tx.c' l='885' u='m' c='ieee80211_stop_tx_ba_cb'/>
<use f='linux-5.3.1/net/mac80211/agg-tx.c' l='928' u='m' c='ieee80211_process_addba_resp'/>
<use f='linux-5.3.1/net/mac80211/agg-tx.c' l='940' u='m' c='ieee80211_process_addba_resp'/>
<use f='linux-5.3.1/net/mac80211/agg-tx.c' l='947' u='m' c='ieee80211_process_addba_resp'/>
<use f='linux-5.3.1/net/mac80211/agg-tx.c' l='958' u='m' c='ieee80211_process_addba_resp'/>
<use f='linux-5.3.1/net/mac80211/rate.h' l='41' u='a' c='rate_control_alloc_sta'/>
<use f='linux-5.3.1/net/mac80211/rate.h' l='47' u='a' c='rate_control_free_sta'/>
<use f='linux-5.3.1/net/mac80211/cfg.c' l='731' u='m' c='ieee80211_dump_station'/>
<use f='linux-5.3.1/net/mac80211/cfg.c' l='1367' u='m' c='sta_apply_parameters'/>
<use f='linux-5.3.1/net/mac80211/cfg.c' l='1387' u='m' c='sta_apply_parameters'/>
<use f='linux-5.3.1/net/mac80211/cfg.c' l='1416' u='m' c='sta_apply_parameters'/>
<use f='linux-5.3.1/net/mac80211/cfg.c' l='1417' u='m' c='sta_apply_parameters'/>
<use f='linux-5.3.1/net/mac80211/cfg.c' l='1435' u='m' c='sta_apply_parameters'/>
<use f='linux-5.3.1/net/mac80211/cfg.c' l='1438' u='m' c='sta_apply_parameters'/>
<use f='linux-5.3.1/net/mac80211/cfg.c' l='1441' u='m' c='sta_apply_parameters'/>
<use f='linux-5.3.1/net/mac80211/cfg.c' l='1444' u='m' c='sta_apply_parameters'/>
<use f='linux-5.3.1/net/mac80211/cfg.c' l='1453' u='m' c='sta_apply_parameters'/>
<use f='linux-5.3.1/net/mac80211/cfg.c' l='1467' u='m' c='sta_apply_parameters'/>
<use f='linux-5.3.1/net/mac80211/cfg.c' l='1469' u='m' c='sta_apply_parameters'/>
<use f='linux-5.3.1/net/mac80211/cfg.c' l='1479' u='m' c='sta_apply_parameters'/>
<use f='linux-5.3.1/net/mac80211/cfg.c' l='1505' u='m' c='sta_apply_parameters'/>
<use f='linux-5.3.1/net/mac80211/cfg.c' l='1558' u='m' c='ieee80211_add_station'/>
<use f='linux-5.3.1/net/mac80211/cfg.c' l='1681' u='m' c='ieee80211_change_station'/>
<use f='linux-5.3.1/net/mac80211/cfg.c' l='1698' u='m' c='ieee80211_change_station'/>
<use f='linux-5.3.1/net/mac80211/cfg.c' l='1701' u='m' c='ieee80211_change_station'/>
<use f='linux-5.3.1/net/mac80211/cfg.c' l='2681' u='m' c='__ieee80211_request_smps_ap'/>
<use f='linux-5.3.1/net/mac80211/cfg.c' l='2692' u='m' c='__ieee80211_request_smps_ap'/>
<use f='linux-5.3.1/net/mac80211/cfg.c' l='2693' u='m' c='__ieee80211_request_smps_ap'/>
<use f='linux-5.3.1/net/mac80211/cfg.c' l='2738' u='m' c='__ieee80211_request_smps_mgd'/>
<use f='linux-5.3.1/net/mac80211/cfg.c' l='3541' u='m' c='ieee80211_probe_client'/>
<use f='linux-5.3.1/net/mac80211/cfg.c' l='3571' u='m' c='ieee80211_probe_client'/>
<use f='linux-5.3.1/net/mac80211/chan.c' l='235' u='a' c='ieee80211_get_max_required_bw'/>
<use f='linux-5.3.1/net/mac80211/chan.c' l='235' u='a' c='ieee80211_get_max_required_bw'/>
<use f='linux-5.3.1/net/mac80211/chan.c' l='235' u='a' c='ieee80211_get_max_required_bw'/>
<use f='linux-5.3.1/net/mac80211/chan.c' l='235' u='a' c='ieee80211_get_max_required_bw'/>
<use f='linux-5.3.1/net/mac80211/chan.c' l='235' u='a' c='ieee80211_get_max_required_bw'/>
<use f='linux-5.3.1/net/mac80211/chan.c' l='235' u='a' c='ieee80211_get_max_required_bw'/>
<use f='linux-5.3.1/net/mac80211/driver-ops.c' l='121' u='a' c='drv_sta_state'/>
<use f='linux-5.3.1/net/mac80211/driver-ops.c' l='123' u='a' c='drv_sta_state'/>
<use f='linux-5.3.1/net/mac80211/driver-ops.c' l='127' u='a' c='drv_sta_state'/>
<use f='linux-5.3.1/net/mac80211/driver-ops.c' l='132' u='a' c='drv_sta_state'/>
<use f='linux-5.3.1/net/mac80211/driver-ops.c' l='151' u='a' c='drv_sta_set_txpwr'/>
<use f='linux-5.3.1/net/mac80211/driver-ops.c' l='154' u='a' c='drv_sta_set_txpwr'/>
<use f='linux-5.3.1/net/mac80211/he.c' l='16' u='m' c='ieee80211_he_cap_ie_to_sta_he_cap'/>
<use f='linux-5.3.1/net/mac80211/ht.c' l='241' u='m' c='ieee80211_ht_cap_ie_to_sta_ht_cap'/>
<use f='linux-5.3.1/net/mac80211/ht.c' l='243' u='m' c='ieee80211_ht_cap_ie_to_sta_ht_cap'/>
<use f='linux-5.3.1/net/mac80211/ht.c' l='246' u='m' c='ieee80211_ht_cap_ie_to_sta_ht_cap'/>
<use f='linux-5.3.1/net/mac80211/ht.c' l='248' u='m' c='ieee80211_ht_cap_ie_to_sta_ht_cap'/>
<use f='linux-5.3.1/net/mac80211/ht.c' l='267' u='m' c='ieee80211_ht_cap_ie_to_sta_ht_cap'/>
<use f='linux-5.3.1/net/mac80211/ht.c' l='287' u='m' c='ieee80211_ht_cap_ie_to_sta_ht_cap'/>
<use f='linux-5.3.1/net/mac80211/ht.c' l='289' u='m' c='ieee80211_ht_cap_ie_to_sta_ht_cap'/>
<use f='linux-5.3.1/net/mac80211/ibss.c' l='585' u='m' c='ieee80211_ibss_finish_sta'/>
<use f='linux-5.3.1/net/mac80211/ibss.c' l='654' u='m' c='ieee80211_ibss_add_sta'/>
<use f='linux-5.3.1/net/mac80211/ibss.c' l='1017' u='m' c='ieee80211_update_sta_info'/>
<use f='linux-5.3.1/net/mac80211/ibss.c' l='1025' u='m' c='ieee80211_update_sta_info'/>
<use f='linux-5.3.1/net/mac80211/ibss.c' l='1027' u='m' c='ieee80211_update_sta_info'/>
<use f='linux-5.3.1/net/mac80211/ibss.c' l='1030' u='m' c='ieee80211_update_sta_info'/>
<use f='linux-5.3.1/net/mac80211/ibss.c' l='1031' u='m' c='ieee80211_update_sta_info'/>
<use f='linux-5.3.1/net/mac80211/ibss.c' l='1041' u='m' c='ieee80211_update_sta_info'/>
<use f='linux-5.3.1/net/mac80211/ibss.c' l='1043' u='m' c='ieee80211_update_sta_info'/>
<use f='linux-5.3.1/net/mac80211/ibss.c' l='1054' u='m' c='ieee80211_update_sta_info'/>
<use f='linux-5.3.1/net/mac80211/ibss.c' l='1069' u='m' c='ieee80211_update_sta_info'/>
<use f='linux-5.3.1/net/mac80211/ibss.c' l='1078' u='m' c='ieee80211_update_sta_info'/>
<use f='linux-5.3.1/net/mac80211/ibss.c' l='1082' u='m' c='ieee80211_update_sta_info'/>
<use f='linux-5.3.1/net/mac80211/ibss.c' l='1092' u='m' c='ieee80211_update_sta_info'/>
<use f='linux-5.3.1/net/mac80211/ibss.c' l='1095' u='m' c='ieee80211_update_sta_info'/>
<use f='linux-5.3.1/net/mac80211/ibss.c' l='1097' u='m' c='ieee80211_update_sta_info'/>
<use f='linux-5.3.1/net/mac80211/ibss.c' l='1100' u='a' c='ieee80211_update_sta_info'/>
<use f='linux-5.3.1/net/mac80211/ibss.c' l='1244' u='m' c='ieee80211_ibss_rx_no_sta'/>
<use f='linux-5.3.1/net/mac80211/ibss.c' l='1273' u='m' c='ieee80211_ibss_sta_expire'/>
<use f='linux-5.3.1/net/mac80211/key.c' l='180' u='a' c='ieee80211_key_enable_hw_accel'/>
<use f='linux-5.3.1/net/mac80211/key.c' l='203' u='m' c='ieee80211_key_enable_hw_accel'/>
<use f='linux-5.3.1/net/mac80211/key.c' l='255' u='a' c='ieee80211_key_disable_hw_accel'/>
<use f='linux-5.3.1/net/mac80211/key.c' l='261' u='m' c='ieee80211_key_disable_hw_accel'/>
<use f='linux-5.3.1/net/mac80211/key.c' l='330' u='m' c='ieee80211_pairwise_rekey'/>
<use f='linux-5.3.1/net/mac80211/key.c' l='911' u='a' c='ieee80211_iter_keys'/>
<use f='linux-5.3.1/net/mac80211/key.c' l='918' u='a' c='ieee80211_iter_keys'/>
<use f='linux-5.3.1/net/mac80211/key.c' l='945' u='a' c='_ieee80211_iter_keys_rcu'/>
<use f='linux-5.3.1/net/mac80211/mlme.c' l='428' u='m' c='ieee80211_config_bw'/>
<use f='linux-5.3.1/net/mac80211/mlme.c' l='429' u='m' c='ieee80211_config_bw'/>
<use f='linux-5.3.1/net/mac80211/mlme.c' l='442' u='m' c='ieee80211_config_bw'/>
<use f='linux-5.3.1/net/mac80211/mlme.c' l='443' u='m' c='ieee80211_config_bw'/>
<use f='linux-5.3.1/net/mac80211/mlme.c' l='1155' u='m' c='ieee80211_chswitch_work'/>
<use f='linux-5.3.1/net/mac80211/mlme.c' l='1172' u='m' c='ieee80211_chswitch_work'/>
<use f='linux-5.3.1/net/mac80211/mlme.c' l='3165' u='m' c='ieee80211_twt_req_supported'/>
<use f='linux-5.3.1/net/mac80211/mlme.c' l='3363' u='m' c='ieee80211_assoc_success'/>
<use f='linux-5.3.1/net/mac80211/mlme.c' l='3383' u='m' c='ieee80211_assoc_success'/>
<use f='linux-5.3.1/net/mac80211/mlme.c' l='3387' u='m' c='ieee80211_assoc_success'/>
<use f='linux-5.3.1/net/mac80211/mlme.c' l='3424' u='m' c='ieee80211_assoc_success'/>
<use f='linux-5.3.1/net/mac80211/mlme.c' l='3431' u='m' c='ieee80211_assoc_success'/>
<use f='linux-5.3.1/net/mac80211/mlme.c' l='3433' u='m' c='ieee80211_assoc_success'/>
<use f='linux-5.3.1/net/mac80211/mlme.c' l='3436' u='m' c='ieee80211_assoc_success'/>
<use f='linux-5.3.1/net/mac80211/mlme.c' l='3444' u='m' c='ieee80211_assoc_success'/>
<use f='linux-5.3.1/net/mac80211/mlme.c' l='4977' u='m' c='ieee80211_prep_connection'/>
<use f='linux-5.3.1/net/mac80211/ocb.c' l='77' u='m' c='ieee80211_ocb_rx_no_sta'/>
<use f='linux-5.3.1/net/mac80211/ocb.c' l='92' u='m' c='ieee80211_ocb_finish_sta'/>
<use f='linux-5.3.1/net/mac80211/rate.c' l='34' u='a' c='rate_control_rate_init'/>
<use f='linux-5.3.1/net/mac80211/rate.c' l='67' u='r' c='rate_control_tx_status'/>
<use f='linux-5.3.1/net/mac80211/rate.c' l='89' u='a' c='rate_control_rate_update'/>
<use f='linux-5.3.1/net/mac80211/rate.c' l='108' u='a' c='rate_control_rate_update'/>
<use f='linux-5.3.1/net/mac80211/rate.c' l='392' u='r' c='rate_control_send_low'/>
<use f='linux-5.3.1/net/mac80211/rate.c' l='793' u='a' c='rate_control_apply_mask_ratetbl'/>
<use f='linux-5.3.1/net/mac80211/rate.c' l='894' u='a' c='rate_control_get_rate'/>
<use f='linux-5.3.1/net/mac80211/rate.c' l='901' u='a' c='rate_control_get_rate'/>
<use f='linux-5.3.1/net/mac80211/rate.c' l='925' u='r' c='rate_control_set_rates'/>
<use f='linux-5.3.1/net/mac80211/rc80211_minstrel_ht.c' l='707' u='r' c='minstrel_aggr_check'/>
<use f='linux-5.3.1/net/mac80211/rx.c' l='1391' u='m' c='ieee80211_rx_reorder_ampdu'/>
<use f='linux-5.3.1/net/mac80211/rx.c' l='1578' u='a' c='sta_ps_start'/>
<use f='linux-5.3.1/net/mac80211/rx.c' l='1580' u='m' c='sta_ps_start'/>
<use f='linux-5.3.1/net/mac80211/rx.c' l='1580' u='m' c='sta_ps_start'/>
<use f='linux-5.3.1/net/mac80211/rx.c' l='1584' u='m' c='sta_ps_start'/>
<use f='linux-5.3.1/net/mac80211/rx.c' l='1588' u='m' c='sta_ps_start'/>
<use f='linux-5.3.1/net/mac80211/rx.c' l='1606' u='m' c='sta_ps_end'/>
<use f='linux-5.3.1/net/mac80211/rx.c' l='1606' u='m' c='sta_ps_end'/>
<use f='linux-5.3.1/net/mac80211/rx.c' l='1617' u='m' c='sta_ps_end'/>
<use f='linux-5.3.1/net/mac80211/rx.c' l='1617' u='m' c='sta_ps_end'/>
<use f='linux-5.3.1/net/mac80211/rx.c' l='1628' u='r' c='ieee80211_sta_ps_transition'/>
<use f='linux-5.3.1/net/mac80211/rx.c' l='1649' u='r' c='ieee80211_sta_pspoll'/>
<use f='linux-5.3.1/net/mac80211/rx.c' l='1663' u='r' c='ieee80211_sta_uapsd_trigger'/>
<use f='linux-5.3.1/net/mac80211/rx.c' l='1674' u='m' c='ieee80211_sta_uapsd_trigger'/>
<use f='linux-5.3.1/net/mac80211/rx.c' l='1720' u='a' c='ieee80211_rx_h_uapsd_and_pspoll'/>
<use f='linux-5.3.1/net/mac80211/rx.c' l='1734' u='a' c='ieee80211_rx_h_uapsd_and_pspoll'/>
<use f='linux-5.3.1/net/mac80211/rx.c' l='1857' u='m' c='ieee80211_rx_h_sta_process'/>
<use f='linux-5.3.1/net/mac80211/rx.c' l='2836' u='m' c='ieee80211_rx_h_data'/>
<use f='linux-5.3.1/net/mac80211/rx.c' l='2922' u='m' c='ieee80211_rx_h_ctrl'/>
<use f='linux-5.3.1/net/mac80211/rx.c' l='2933' u='a' c='ieee80211_rx_h_ctrl'/>
<use f='linux-5.3.1/net/mac80211/rx.c' l='3067' u='m' c='ieee80211_rx_h_action'/>
<use f='linux-5.3.1/net/mac80211/rx.c' l='3103' u='m' c='ieee80211_rx_h_action'/>
<use f='linux-5.3.1/net/mac80211/rx.c' l='3105' u='m' c='ieee80211_rx_h_action'/>
<use f='linux-5.3.1/net/mac80211/rx.c' l='3127' u='m' c='ieee80211_rx_h_action'/>
<use f='linux-5.3.1/net/mac80211/rx.c' l='3140' u='m' c='ieee80211_rx_h_action'/>
<use f='linux-5.3.1/net/mac80211/rx.c' l='3143' u='m' c='ieee80211_rx_h_action'/>
<use f='linux-5.3.1/net/mac80211/rx.c' l='3729' u='a' c='ieee80211_release_reorder_timeout'/>
<use f='linux-5.3.1/net/mac80211/rx.c' l='3729' u='a' c='ieee80211_release_reorder_timeout'/>
<use f='linux-5.3.1/net/mac80211/rx.c' l='3756' u='r' c='ieee80211_mark_rx_ba_filtered_frames'/>
<use f='linux-5.3.1/net/mac80211/rx.c' l='3986' u='m' c='ieee80211_check_fast_rx'/>
<use f='linux-5.3.1/net/mac80211/rx.c' l='3998' u='m' c='ieee80211_check_fast_rx'/>
<use f='linux-5.3.1/net/mac80211/rx.c' l='4436' u='r' c='__ieee80211_rx_handle_packet'/>
<use f='linux-5.3.1/net/mac80211/sta_info.c' l='110' u='m' c='__cleanup_single_sta'/>
<use f='linux-5.3.1/net/mac80211/sta_info.c' l='111' u='m' c='__cleanup_single_sta'/>
<use f='linux-5.3.1/net/mac80211/sta_info.c' l='111' u='m' c='__cleanup_single_sta'/>
<use f='linux-5.3.1/net/mac80211/sta_info.c' l='114' u='m' c='__cleanup_single_sta'/>
<use f='linux-5.3.1/net/mac80211/sta_info.c' l='117' u='m' c='__cleanup_single_sta'/>
<use f='linux-5.3.1/net/mac80211/sta_info.c' l='249' u='m' c='sta_info_free'/>
<use f='linux-5.3.1/net/mac80211/sta_info.c' l='251' u='m' c='sta_info_free'/>
<use f='linux-5.3.1/net/mac80211/sta_info.c' l='252' u='m' c='sta_info_free'/>
<use f='linux-5.3.1/net/mac80211/sta_info.c' l='253' u='m' c='sta_info_free'/>
<use f='linux-5.3.1/net/mac80211/sta_info.c' l='253' u='m' c='sta_info_free'/>
<use f='linux-5.3.1/net/mac80211/sta_info.c' l='253' u='m' c='sta_info_free'/>
<use f='linux-5.3.1/net/mac80211/sta_info.c' l='253' u='m' c='sta_info_free'/>
<use f='linux-5.3.1/net/mac80211/sta_info.c' l='253' u='m' c='sta_info_free'/>
<use f='linux-5.3.1/net/mac80211/sta_info.c' l='253' u='m' c='sta_info_free'/>
<use f='linux-5.3.1/net/mac80211/sta_info.c' l='253' u='m' c='sta_info_free'/>
<use f='linux-5.3.1/net/mac80211/sta_info.c' l='343' u='m' c='sta_info_alloc'/>
<use f='linux-5.3.1/net/mac80211/sta_info.c' l='344' u='m' c='sta_info_alloc'/>
<use f='linux-5.3.1/net/mac80211/sta_info.c' l='378' u='m' c='sta_info_alloc'/>
<use f='linux-5.3.1/net/mac80211/sta_info.c' l='378' u='m' c='sta_info_alloc'/>
<use f='linux-5.3.1/net/mac80211/sta_info.c' l='382' u='m' c='sta_info_alloc'/>
<use f='linux-5.3.1/net/mac80211/sta_info.c' l='382' u='m' c='sta_info_alloc'/>
<use f='linux-5.3.1/net/mac80211/sta_info.c' l='441' u='m' c='sta_info_alloc'/>
<use f='linux-5.3.1/net/mac80211/sta_info.c' l='445' u='m' c='sta_info_alloc'/>
<use f='linux-5.3.1/net/mac80211/sta_info.c' l='476' u='m' c='sta_info_alloc'/>
<use f='linux-5.3.1/net/mac80211/sta_info.c' l='483' u='m' c='sta_info_alloc'/>
<use f='linux-5.3.1/net/mac80211/sta_info.c' l='488' u='m' c='sta_info_alloc'/>
<use f='linux-5.3.1/net/mac80211/sta_info.c' l='489' u='m' c='sta_info_alloc'/>
<use f='linux-5.3.1/net/mac80211/sta_info.c' l='511' u='m' c='sta_info_insert_check'/>
<use f='linux-5.3.1/net/mac80211/sta_info.c' l='512' u='m' c='sta_info_insert_check'/>
<use f='linux-5.3.1/net/mac80211/sta_info.c' l='557' u='m' c='sta_info_insert_drv_state'/>
<use f='linux-5.3.1/net/mac80211/sta_info.c' l='580' u='m' c='ieee80211_recalc_p2p_go_ps_allowed'/>
<use f='linux-5.3.1/net/mac80211/sta_info.c' l='608' u='m' c='sta_info_insert_finish'/>
<use f='linux-5.3.1/net/mac80211/sta_info.c' l='642' u='m' c='sta_info_insert_finish'/>
<use f='linux-5.3.1/net/mac80211/sta_info.c' l='653' u='m' c='sta_info_insert_finish'/>
<use f='linux-5.3.1/net/mac80211/sta_info.c' l='656' u='m' c='sta_info_insert_finish'/>
<use f='linux-5.3.1/net/mac80211/sta_info.c' l='765' u='m' c='__sta_info_recalc_tim'/>
<use f='linux-5.3.1/net/mac80211/sta_info.c' l='767' u='m' c='__sta_info_recalc_tim'/>
<use f='linux-5.3.1/net/mac80211/sta_info.c' l='834' u='a' c='__sta_info_recalc_tim'/>
<use f='linux-5.3.1/net/mac80211/sta_info.c' l='925' u='m' c='sta_info_cleanup_expire_buffered_ac'/>
<use f='linux-5.3.1/net/mac80211/sta_info.c' l='1004' u='a' c='__sta_info_destroy_part1'/>
<use f='linux-5.3.1/net/mac80211/sta_info.c' l='1060' u='m' c='__sta_info_destroy_part2'/>
<use f='linux-5.3.1/net/mac80211/sta_info.c' l='1065' u='m' c='__sta_info_destroy_part2'/>
<use f='linux-5.3.1/net/mac80211/sta_info.c' l='1208' u='m' c='ieee80211_sta_expire'/>
<use f='linux-5.3.1/net/mac80211/sta_info.c' l='1239' u='a' c='ieee80211_find_sta_by_ifaddr'/>
<use f='linux-5.3.1/net/mac80211/sta_info.c' l='1261' u='a' c='ieee80211_find_sta'/>
<use f='linux-5.3.1/net/mac80211/sta_info.c' l='1293' u='a' c='ieee80211_sta_ps_deliver_wakeup'/>
<use f='linux-5.3.1/net/mac80211/sta_info.c' l='1295' u='m' c='ieee80211_sta_ps_deliver_wakeup'/>
<use f='linux-5.3.1/net/mac80211/sta_info.c' l='1295' u='m' c='ieee80211_sta_ps_deliver_wakeup'/>
<use f='linux-5.3.1/net/mac80211/sta_info.c' l='1296' u='m' c='ieee80211_sta_ps_deliver_wakeup'/>
<use f='linux-5.3.1/net/mac80211/sta_info.c' l='1296' u='m' c='ieee80211_sta_ps_deliver_wakeup'/>
<use f='linux-5.3.1/net/mac80211/sta_info.c' l='1299' u='m' c='ieee80211_sta_ps_deliver_wakeup'/>
<use f='linux-5.3.1/net/mac80211/sta_info.c' l='1346' u='m' c='ieee80211_sta_ps_deliver_wakeup'/>
<use f='linux-5.3.1/net/mac80211/sta_info.c' l='1348' u='m' c='ieee80211_sta_ps_deliver_wakeup'/>
<use f='linux-5.3.1/net/mac80211/sta_info.c' l='1358' u='m' c='ieee80211_sta_ps_deliver_wakeup'/>
<use f='linux-5.3.1/net/mac80211/sta_info.c' l='1358' u='m' c='ieee80211_sta_ps_deliver_wakeup'/>
<use f='linux-5.3.1/net/mac80211/sta_info.c' l='1373' u='m' c='ieee80211_send_null_response'/>
<use f='linux-5.3.1/net/mac80211/sta_info.c' l='1402' u='m' c='ieee80211_send_null_response'/>
<use f='linux-5.3.1/net/mac80211/sta_info.c' l='1733' u='m' c='ieee80211_sta_ps_deliver_response'/>
<use f='linux-5.3.1/net/mac80211/sta_info.c' l='1736' u='m' c='ieee80211_sta_ps_deliver_response'/>
<use f='linux-5.3.1/net/mac80211/sta_info.c' l='1736' u='m' c='ieee80211_sta_ps_deliver_response'/>
<use f='linux-5.3.1/net/mac80211/sta_info.c' l='1737' u='m' c='ieee80211_sta_ps_deliver_response'/>
<use f='linux-5.3.1/net/mac80211/sta_info.c' l='1739' u='m' c='ieee80211_sta_ps_deliver_response'/>
<use f='linux-5.3.1/net/mac80211/sta_info.c' l='1750' u='m' c='ieee80211_sta_ps_deliver_poll_response'/>
<use f='linux-5.3.1/net/mac80211/sta_info.c' l='1766' u='m' c='ieee80211_sta_ps_deliver_uapsd'/>
<use f='linux-5.3.1/net/mac80211/sta_info.c' l='1767' u='m' c='ieee80211_sta_ps_deliver_uapsd'/>
<use f='linux-5.3.1/net/mac80211/sta_info.c' l='1778' u='m' c='ieee80211_sta_ps_deliver_uapsd'/>
<use f='linux-5.3.1/net/mac80211/sta_info.c' l='1801' u='r' c='ieee80211_sta_block_awake'/>
<use f='linux-5.3.1/net/mac80211/sta_info.c' l='1832' u='r' c='ieee80211_sta_eosp'/>
<use f='linux-5.3.1/net/mac80211/sta_info.c' l='1843' u='r' c='ieee80211_send_eosp_nullfunc'/>
<use f='linux-5.3.1/net/mac80211/sta_info.c' l='1850' u='m' c='ieee80211_send_eosp_nullfunc'/>
<use f='linux-5.3.1/net/mac80211/sta_info.c' l='1860' u='r' c='ieee80211_sta_set_buffered'/>
<use f='linux-5.3.1/net/mac80211/sta_info.c' l='1879' u='r' c='ieee80211_sta_register_airtime'/>
<use f='linux-5.3.1/net/mac80211/sta_info.c' l='1932' u='m' c='sta_info_move_state'/>
<use f='linux-5.3.1/net/mac80211/sta_info.c' l='1958' u='m' c='sta_info_move_state'/>
<use f='linux-5.3.1/net/mac80211/sta_info.c' l='1966' u='m' c='sta_info_move_state'/>
<use f='linux-5.3.1/net/mac80211/sta_info.c' l='1985' u='m' c='sta_info_move_state'/>
<use f='linux-5.3.1/net/mac80211/sta_info.c' l='1998' u='m' c='sta_info_tx_streams'/>
<use f='linux-5.3.1/net/mac80211/sta_info.c' l='2001' u='m' c='sta_info_tx_streams'/>
<use f='linux-5.3.1/net/mac80211/sta_info.c' l='2004' u='m' c='sta_info_tx_streams'/>
<use f='linux-5.3.1/net/mac80211/sta_info.c' l='2007' u='m' c='sta_info_tx_streams'/>
<use f='linux-5.3.1/net/mac80211/sta_info.c' l='2152' u='m' c='sta_set_tidstats'/>
<use f='linux-5.3.1/net/mac80211/sta_info.c' l='2192' u='a' c='sta_set_sinfo'/>
<use f='linux-5.3.1/net/mac80211/sta_info.c' l='2395' u='m' c='sta_set_sinfo'/>
<use f='linux-5.3.1/net/mac80211/sta_info.c' l='2482' u='r' c='ieee80211_sta_set_expected_throughput'/>
<use f='linux-5.3.1/net/mac80211/status.c' l='589' u='m' c='ieee80211_lost_packet'/>
<use f='linux-5.3.1/net/mac80211/status.c' l='599' u='m' c='ieee80211_lost_packet'/>
<use f='linux-5.3.1/net/mac80211/status.c' l='606' u='m' c='ieee80211_lost_packet'/>
<use f='linux-5.3.1/net/mac80211/status.c' l='727' u='r' c='__ieee80211_tx_status'/>
<use f='linux-5.3.1/net/mac80211/status.c' l='826' u='a' c='__ieee80211_tx_status'/>
<use f='linux-5.3.1/net/mac80211/status.c' l='925' u='a' c='ieee80211_tx_status'/>
<use f='linux-5.3.1/net/mac80211/status.c' l='960' u='r' c='ieee80211_tx_status_ext'/>
<use f='linux-5.3.1/net/mac80211/status.c' l='1006' u='r' c='ieee80211_tx_rate_update'/>
<use f='linux-5.3.1/net/mac80211/status.c' l='1021' u='r' c='ieee80211_report_low_ack'/>
<use f='linux-5.3.1/net/mac80211/status.c' l='1022' u='m' c='ieee80211_report_low_ack'/>
<use f='linux-5.3.1/net/mac80211/tdls.c' l='463' u='m' c='ieee80211_tdls_add_setup_start_ies'/>
<use f='linux-5.3.1/net/mac80211/tdls.c' l='465' u='m' c='ieee80211_tdls_add_setup_start_ies'/>
<use f='linux-5.3.1/net/mac80211/tdls.c' l='514' u='m' c='ieee80211_tdls_add_setup_start_ies'/>
<use f='linux-5.3.1/net/mac80211/tdls.c' l='516' u='m' c='ieee80211_tdls_add_setup_start_ies'/>
<use f='linux-5.3.1/net/mac80211/tdls.c' l='584' u='m' c='ieee80211_tdls_add_setup_cfm_ies'/>
<use f='linux-5.3.1/net/mac80211/tdls.c' l='607' u='m' c='ieee80211_tdls_add_setup_cfm_ies'/>
<use f='linux-5.3.1/net/mac80211/tdls.c' l='607' u='m' c='ieee80211_tdls_add_setup_cfm_ies'/>
<use f='linux-5.3.1/net/mac80211/tdls.c' l='613' u='m' c='ieee80211_tdls_add_setup_cfm_ies'/>
<use f='linux-5.3.1/net/mac80211/tdls.c' l='622' u='m' c='ieee80211_tdls_add_setup_cfm_ies'/>
<use f='linux-5.3.1/net/mac80211/tdls.c' l='631' u='m' c='ieee80211_tdls_add_setup_cfm_ies'/>
<use f='linux-5.3.1/net/mac80211/tdls.c' l='954' u='m' c='ieee80211_tdls_prep_mgmt_packet'/>
<use f='linux-5.3.1/net/mac80211/tdls.c' l='969' u='m' c='ieee80211_tdls_prep_mgmt_packet'/>
<use f='linux-5.3.1/net/mac80211/tdls.c' l='1273' u='m' c='iee80211_tdls_recalc_chanctx'/>
<use f='linux-5.3.1/net/mac80211/tdls.c' l='1274' u='m' c='iee80211_tdls_recalc_chanctx'/>
<use f='linux-5.3.1/net/mac80211/tdls.c' l='1297' u='m' c='iee80211_tdls_have_ht_peers'/>
<use f='linux-5.3.1/net/mac80211/tdls.c' l='1300' u='m' c='iee80211_tdls_have_ht_peers'/>
<use f='linux-5.3.1/net/mac80211/tdls.c' l='1325' u='m' c='iee80211_tdls_recalc_ht_protection'/>
<use f='linux-5.3.1/net/mac80211/tdls.c' l='1526' u='m' c='ieee80211_tdls_ch_sw_tmpl_get'/>
<use f='linux-5.3.1/net/mac80211/tdls.c' l='1528' u='m' c='ieee80211_tdls_ch_sw_tmpl_get'/>
<use f='linux-5.3.1/net/mac80211/tdls.c' l='1554' u='m' c='ieee80211_tdls_ch_sw_tmpl_get'/>
<use f='linux-5.3.1/net/mac80211/tdls.c' l='1594' u='a' c='ieee80211_tdls_channel_switch'/>
<use f='linux-5.3.1/net/mac80211/tdls.c' l='1629' u='a' c='ieee80211_tdls_cancel_channel_switch'/>
<use f='linux-5.3.1/net/mac80211/tdls.c' l='1647' u='m' c='ieee80211_tdls_ch_sw_resp_tmpl_get'/>
<use f='linux-5.3.1/net/mac80211/tdls.c' l='1649' u='m' c='ieee80211_tdls_ch_sw_resp_tmpl_get'/>
<use f='linux-5.3.1/net/mac80211/tdls.c' l='1675' u='m' c='ieee80211_tdls_ch_sw_resp_tmpl_get'/>
<use f='linux-5.3.1/net/mac80211/tdls.c' l='1711' u='a' c='ieee80211_process_tdls_channel_switch_resp'/>
<use f='linux-5.3.1/net/mac80211/tdls.c' l='1736' u='m' c='ieee80211_process_tdls_channel_switch_resp'/>
<use f='linux-5.3.1/net/mac80211/tdls.c' l='1877' u='a' c='ieee80211_process_tdls_channel_switch_req'/>
<use f='linux-5.3.1/net/mac80211/tdls.c' l='1882' u='m' c='ieee80211_process_tdls_channel_switch_req'/>
<use f='linux-5.3.1/net/mac80211/tdls.c' l='1889' u='m' c='ieee80211_process_tdls_channel_switch_req'/>
<use f='linux-5.3.1/net/mac80211/tdls.c' l='1960' u='m' c='ieee80211_teardown_tdls_peers'/>
<use f='linux-5.3.1/net/mac80211/tdls.c' l='1964' u='m' c='ieee80211_teardown_tdls_peers'/>
<use f='linux-5.3.1/net/mac80211/tx.c' l='503' u='m' c='ieee80211_tx_h_unicast_ps_buf'/>
<use f='linux-5.3.1/net/mac80211/tx.c' l='503' u='m' c='ieee80211_tx_h_unicast_ps_buf'/>
<use f='linux-5.3.1/net/mac80211/tx.c' l='525' u='m' c='ieee80211_tx_h_unicast_ps_buf'/>
<use f='linux-5.3.1/net/mac80211/tx.c' l='552' u='m' c='ieee80211_tx_h_unicast_ps_buf'/>
<use f='linux-5.3.1/net/mac80211/tx.c' l='729' u='a' c='ieee80211_tx_h_rate_ctrl'/>
<use f='linux-5.3.1/net/mac80211/tx.c' l='744' u='m' c='ieee80211_tx_h_rate_ctrl'/>
<use f='linux-5.3.1/net/mac80211/tx.c' l='744' u='m' c='ieee80211_tx_h_rate_ctrl'/>
<use f='linux-5.3.1/net/mac80211/tx.c' l='744' u='m' c='ieee80211_tx_h_rate_ctrl'/>
<use f='linux-5.3.1/net/mac80211/tx.c' l='744' u='m' c='ieee80211_tx_h_rate_ctrl'/>
<use f='linux-5.3.1/net/mac80211/tx.c' l='744' u='m' c='ieee80211_tx_h_rate_ctrl'/>
<use f='linux-5.3.1/net/mac80211/tx.c' l='744' u='m' c='ieee80211_tx_h_rate_ctrl'/>
<use f='linux-5.3.1/net/mac80211/tx.c' l='744' u='m' c='ieee80211_tx_h_rate_ctrl'/>
<use f='linux-5.3.1/net/mac80211/tx.c' l='744' u='m' c='ieee80211_tx_h_rate_ctrl'/>
<use f='linux-5.3.1/net/mac80211/tx.c' l='1092' u='m' c='ieee80211_tx_prep_agg'/>
<use f='linux-5.3.1/net/mac80211/tx.c' l='1125' u='m' c='ieee80211_tx_prep_agg'/>
<use f='linux-5.3.1/net/mac80211/tx.c' l='1125' u='m' c='ieee80211_tx_prep_agg'/>
<use f='linux-5.3.1/net/mac80211/tx.c' l='1261' u='m' c='ieee80211_get_txq'/>
<use f='linux-5.3.1/net/mac80211/tx.c' l='1269' u='m' c='ieee80211_get_txq'/>
<use f='linux-5.3.1/net/mac80211/tx.c' l='1348' u='r' c='fq_tin_dequeue_func'/>
<use f='linux-5.3.1/net/mac80211/tx.c' l='1480' u='a' c='ieee80211_txq_init'/>
<use f='linux-5.3.1/net/mac80211/tx.c' l='1482' u='m' c='ieee80211_txq_init'/>
<use f='linux-5.3.1/net/mac80211/tx.c' l='1716' u='a' c='__ieee80211_tx'/>
<use f='linux-5.3.1/net/mac80211/tx.c' l='1870' u='a' c='ieee80211_tx_prepare_skb'/>
<use f='linux-5.3.1/net/mac80211/tx.c' l='2486' u='m' c='ieee80211_build_hdr'/>
<use f='linux-5.3.1/net/mac80211/tx.c' l='2492' u='m' c='ieee80211_build_hdr'/>
<use f='linux-5.3.1/net/mac80211/tx.c' l='2686' u='m' c='ieee80211_build_hdr'/>
<use f='linux-5.3.1/net/mac80211/tx.c' l='2960' u='m' c='ieee80211_check_fast_xmit'/>
<use f='linux-5.3.1/net/mac80211/tx.c' l='2981' u='m' c='ieee80211_check_fast_xmit'/>
<use f='linux-5.3.1/net/mac80211/tx.c' l='3220' u='m' c='ieee80211_amsdu_aggregate'/>
<use f='linux-5.3.1/net/mac80211/tx.c' l='3224' u='m' c='ieee80211_amsdu_aggregate'/>
<use f='linux-5.3.1/net/mac80211/tx.c' l='3226' u='m' c='ieee80211_amsdu_aggregate'/>
<use f='linux-5.3.1/net/mac80211/tx.c' l='3249' u='m' c='ieee80211_amsdu_aggregate'/>
<use f='linux-5.3.1/net/mac80211/tx.c' l='3251' u='m' c='ieee80211_amsdu_aggregate'/>
<use f='linux-5.3.1/net/mac80211/tx.c' l='3251' u='m' c='ieee80211_amsdu_aggregate'/>
<use f='linux-5.3.1/net/mac80211/tx.c' l='3251' u='m' c='ieee80211_amsdu_aggregate'/>
<use f='linux-5.3.1/net/mac80211/tx.c' l='3251' u='m' c='ieee80211_amsdu_aggregate'/>
<use f='linux-5.3.1/net/mac80211/tx.c' l='3251' u='m' c='ieee80211_amsdu_aggregate'/>
<use f='linux-5.3.1/net/mac80211/tx.c' l='3251' u='m' c='ieee80211_amsdu_aggregate'/>
<use f='linux-5.3.1/net/mac80211/tx.c' l='3253' u='m' c='ieee80211_amsdu_aggregate'/>
<use f='linux-5.3.1/net/mac80211/tx.c' l='3255' u='m' c='ieee80211_amsdu_aggregate'/>
<use f='linux-5.3.1/net/mac80211/tx.c' l='3255' u='m' c='ieee80211_amsdu_aggregate'/>
<use f='linux-5.3.1/net/mac80211/tx.c' l='3255' u='m' c='ieee80211_amsdu_aggregate'/>
<use f='linux-5.3.1/net/mac80211/tx.c' l='3255' u='m' c='ieee80211_amsdu_aggregate'/>
<use f='linux-5.3.1/net/mac80211/tx.c' l='3255' u='m' c='ieee80211_amsdu_aggregate'/>
<use f='linux-5.3.1/net/mac80211/tx.c' l='3255' u='m' c='ieee80211_amsdu_aggregate'/>
<use f='linux-5.3.1/net/mac80211/tx.c' l='3531' u='a' c='ieee80211_xmit_fast'/>
<use f='linux-5.3.1/net/mac80211/tx.c' l='3582' u='r' c='ieee80211_tx_dequeue'/>
<use f='linux-5.3.1/net/mac80211/tx.c' l='3601' u='r' c='ieee80211_tx_dequeue'/>
<use f='linux-5.3.1/net/mac80211/tx.c' l='3685' u='r' c='ieee80211_next_txq'/>
<use f='linux-5.3.1/net/mac80211/tx.c' l='3769' u='r' c='ieee80211_txq_may_transmit'/>
<use f='linux-5.3.1/net/mac80211/tx.c' l='3775' u='r' c='ieee80211_txq_may_transmit'/>
<use f='linux-5.3.1/net/mac80211/tx.c' l='3906' u='m' c='ieee80211_change_da'/>
<use f='linux-5.3.1/net/mac80211/tx.c' l='3970' u='m' c='ieee80211_convert_to_unicast'/>
<use f='linux-5.3.1/net/mac80211/tx.c' l='4750' u='m' c='ieee80211_nullfunc_get'/>
<use f='linux-5.3.1/net/mac80211/tx.c' l='4931' u='r' c='ieee80211_reserve_tid'/>
<use f='linux-5.3.1/net/mac80211/tx.c' l='4995' u='r' c='ieee80211_unreserve_tid'/>
<use f='linux-5.3.1/net/mac80211/util.c' l='261' u='m' c='__ieee80211_wake_txqs'/>
<use f='linux-5.3.1/net/mac80211/util.c' l='261' u='m' c='__ieee80211_wake_txqs'/>
<use f='linux-5.3.1/net/mac80211/util.c' l='262' u='m' c='__ieee80211_wake_txqs'/>
<use f='linux-5.3.1/net/mac80211/util.c' l='803' u='a' c='__iterate_stations'/>
<use f='linux-5.3.1/net/mac80211/vht.c' l='121' u='m' c='ieee80211_vht_cap_ie_to_sta_vht_cap'/>
<use f='linux-5.3.1/net/mac80211/vht.c' l='128' u='m' c='ieee80211_vht_cap_ie_to_sta_vht_cap'/>
<use f='linux-5.3.1/net/mac80211/vht.c' l='316' u='m' c='ieee80211_vht_cap_ie_to_sta_vht_cap'/>
<use f='linux-5.3.1/net/mac80211/vht.c' l='319' u='m' c='ieee80211_vht_cap_ie_to_sta_vht_cap'/>
<use f='linux-5.3.1/net/mac80211/vht.c' l='324' u='m' c='ieee80211_vht_cap_ie_to_sta_vht_cap'/>
<use f='linux-5.3.1/net/mac80211/vht.c' l='327' u='m' c='ieee80211_vht_cap_ie_to_sta_vht_cap'/>
<use f='linux-5.3.1/net/mac80211/vht.c' l='331' u='m' c='ieee80211_vht_cap_ie_to_sta_vht_cap'/>
<use f='linux-5.3.1/net/mac80211/vht.c' l='338' u='m' c='ieee80211_sta_cap_rx_bw'/>
<use f='linux-5.3.1/net/mac80211/vht.c' l='342' u='m' c='ieee80211_sta_cap_rx_bw'/>
<use f='linux-5.3.1/net/mac80211/vht.c' l='357' u='m' c='ieee80211_sta_cap_chan_bw'/>
<use f='linux-5.3.1/net/mac80211/vht.c' l='361' u='m' c='ieee80211_sta_cap_chan_bw'/>
<use f='linux-5.3.1/net/mac80211/vht.c' l='364' u='m' c='ieee80211_sta_cap_chan_bw'/>
<use f='linux-5.3.1/net/mac80211/vht.c' l='381' u='m' c='ieee80211_sta_rx_bw_to_chan_width'/>
<use f='linux-5.3.1/net/mac80211/vht.c' l='382' u='m' c='ieee80211_sta_rx_bw_to_chan_width'/>
<use f='linux-5.3.1/net/mac80211/vht.c' l='387' u='m' c='ieee80211_sta_rx_bw_to_chan_width'/>
<use f='linux-5.3.1/net/mac80211/vht.c' l='456' u='m' c='ieee80211_sta_set_rx_nss'/>
<use f='linux-5.3.1/net/mac80211/vht.c' l='459' u='m' c='ieee80211_sta_set_rx_nss'/>
<use f='linux-5.3.1/net/mac80211/vht.c' l='460' u='m' c='ieee80211_sta_set_rx_nss'/>
<use f='linux-5.3.1/net/mac80211/vht.c' l='462' u='m' c='ieee80211_sta_set_rx_nss'/>
<use f='linux-5.3.1/net/mac80211/vht.c' l='464' u='m' c='ieee80211_sta_set_rx_nss'/>
<use f='linux-5.3.1/net/mac80211/vht.c' l='466' u='m' c='ieee80211_sta_set_rx_nss'/>
<use f='linux-5.3.1/net/mac80211/vht.c' l='471' u='m' c='ieee80211_sta_set_rx_nss'/>
<use f='linux-5.3.1/net/mac80211/vht.c' l='475' u='m' c='ieee80211_sta_set_rx_nss'/>
<use f='linux-5.3.1/net/mac80211/vht.c' l='489' u='m' c='ieee80211_sta_set_rx_nss'/>
<use f='linux-5.3.1/net/mac80211/vht.c' l='509' u='m' c='__ieee80211_vht_handle_opmode'/>
<use f='linux-5.3.1/net/mac80211/vht.c' l='510' u='m' c='__ieee80211_vht_handle_opmode'/>
<use f='linux-5.3.1/net/mac80211/vht.c' l='532' u='m' c='__ieee80211_vht_handle_opmode'/>
<use f='linux-5.3.1/net/mac80211/vht.c' l='533' u='m' c='__ieee80211_vht_handle_opmode'/>
<use f='linux-5.3.1/net/mac80211/wme.c' l='152' u='m' c='__ieee80211_select_queue'/>
<use f='linux-5.3.1/net/mac80211/wpa.c' l='295' u='m' c='ieee80211_crypto_tkip_decrypt'/>
