<dec f='linux-5.3.1/include/linux/trace_events.h' l='76' type='struct tracer *'/>
<offset>64</offset>
<use f='linux-5.3.1/kernel/trace/trace.c' l='3432' u='r' c='s_start'/>
<use f='linux-5.3.1/kernel/trace/trace.c' l='3433' u='r' c='s_start'/>
<use f='linux-5.3.1/kernel/trace/trace.c' l='3614' u='r' c='print_trace_header'/>
<use f='linux-5.3.1/kernel/trace/trace.c' l='3853' u='r' c='print_trace_line'/>
<use f='linux-5.3.1/kernel/trace/trace.c' l='3853' u='r' c='print_trace_line'/>
<use f='linux-5.3.1/kernel/trace/trace.c' l='3854' u='r' c='print_trace_line'/>
<use f='linux-5.3.1/kernel/trace/trace.c' l='3989' u='r' c='s_show'/>
<use f='linux-5.3.1/kernel/trace/trace.c' l='3995' u='r' c='s_show'/>
<use f='linux-5.3.1/kernel/trace/trace.c' l='3995' u='r' c='s_show'/>
<use f='linux-5.3.1/kernel/trace/trace.c' l='3996' u='r' c='s_show'/>
<use f='linux-5.3.1/kernel/trace/trace.c' l='4068' u='w' c='__tracing_open'/>
<use f='linux-5.3.1/kernel/trace/trace.c' l='4068' u='r' c='__tracing_open'/>
<use f='linux-5.3.1/kernel/trace/trace.c' l='4069' u='r' c='__tracing_open'/>
<use f='linux-5.3.1/kernel/trace/trace.c' l='4072' u='r' c='__tracing_open'/>
<use f='linux-5.3.1/kernel/trace/trace.c' l='4092' u='r' c='__tracing_open'/>
<use f='linux-5.3.1/kernel/trace/trace.c' l='4092' u='r' c='__tracing_open'/>
<use f='linux-5.3.1/kernel/trace/trace.c' l='4093' u='r' c='__tracing_open'/>
<use f='linux-5.3.1/kernel/trace/trace.c' l='4134' u='r' c='__tracing_open'/>
<use f='linux-5.3.1/kernel/trace/trace.c' l='4195' u='r' c='tracing_release'/>
<use f='linux-5.3.1/kernel/trace/trace.c' l='4195' u='r' c='tracing_release'/>
<use f='linux-5.3.1/kernel/trace/trace.c' l='4196' u='r' c='tracing_release'/>
<use f='linux-5.3.1/kernel/trace/trace.c' l='4208' u='r' c='tracing_release'/>
<use f='linux-5.3.1/kernel/trace/trace.c' l='5826' u='w' c='tracing_open_pipe'/>
<use f='linux-5.3.1/kernel/trace/trace.c' l='5849' u='r' c='tracing_open_pipe'/>
<use f='linux-5.3.1/kernel/trace/trace.c' l='5850' u='r' c='tracing_open_pipe'/>
<use f='linux-5.3.1/kernel/trace/trace.c' l='5875' u='r' c='tracing_release_pipe'/>
<use f='linux-5.3.1/kernel/trace/trace.c' l='5876' u='r' c='tracing_release_pipe'/>
<use f='linux-5.3.1/kernel/trace/trace.c' l='5977' u='r' c='tracing_read_pipe'/>
<use f='linux-5.3.1/kernel/trace/trace.c' l='5978' u='r' c='tracing_read_pipe'/>
<use f='linux-5.3.1/kernel/trace/trace.c' l='6137' u='r' c='tracing_splice_read_pipe'/>
<use f='linux-5.3.1/kernel/trace/trace.c' l='6138' u='r' c='tracing_splice_read_pipe'/>
<use f='linux-5.3.1/kernel/trace/trace.c' l='7176' u='w' c='tracing_buffers_open'/>
<use f='linux-5.3.1/kernel/trace/trace.c' l='8833' u='w' c='trace_init_global_iter'/>
<use f='linux-5.3.1/kernel/trace/trace.c' l='8837' u='r' c='trace_init_global_iter'/>
<use f='linux-5.3.1/kernel/trace/trace.c' l='8837' u='r' c='trace_init_global_iter'/>
<use f='linux-5.3.1/kernel/trace/trace.c' l='8838' u='r' c='trace_init_global_iter'/>
