<dec f='linux-5.3.1/include/linux/trace_events.h' l='118' type='trace_print_func'/>
<use f='linux-5.3.1/include/trace/events/syscalls.h' l='18' macro='1' u='w'/>
<use f='linux-5.3.1/include/trace/events/syscalls.h' l='44' macro='1' u='w'/>
<offset>0</offset>
<use f='linux-5.3.1/arch/x86/entry/vsyscall/vsyscall_trace.h' l='10' macro='1' u='w'/>
<use f='linux-5.3.1/include/trace/events/mce.h' l='12' macro='1' u='w'/>
<use f='linux-5.3.1/include/trace/events/nmi.h' l='11' macro='1' u='w'/>
<use f='linux-5.3.1/arch/x86/include/asm/msr-trace.h' l='21' macro='1' u='w'/>
<use f='linux-5.3.1/include/trace/events/kyber.h' l='14' macro='1' u='w'/>
<use f='linux-5.3.1/include/trace/events/kyber.h' l='48' macro='1' u='w'/>
<use f='linux-5.3.1/include/trace/events/kyber.h' l='72' macro='1' u='w'/>
<use f='linux-5.3.1/include/trace/events/libata.h' l='151' macro='1' u='w'/>
<use f='linux-5.3.1/include/trace/events/libata.h' l='210' macro='1' u='w'/>
<use f='linux-5.3.1/include/trace/events/libata.h' l='278' macro='1' u='w'/>
<use f='linux-5.3.1/include/trace/events/libata.h' l='304' macro='1' u='w'/>
<use f='linux-5.3.1/include/trace/events/random.h' l='11' macro='1' u='w'/>
<use f='linux-5.3.1/include/trace/events/random.h' l='30' macro='1' u='w'/>
<use f='linux-5.3.1/include/trace/events/random.h' l='63' macro='1' u='w'/>
<use f='linux-5.3.1/include/trace/events/random.h' l='88' macro='1' u='w'/>
<use f='linux-5.3.1/include/trace/events/random.h' l='110' macro='1' u='w'/>
<use f='linux-5.3.1/include/trace/events/random.h' l='129' macro='1' u='w'/>
<use f='linux-5.3.1/include/trace/events/random.h' l='145' macro='1' u='w'/>
<use f='linux-5.3.1/include/trace/events/random.h' l='164' macro='1' u='w'/>
<use f='linux-5.3.1/include/trace/events/random.h' l='193' macro='1' u='w'/>
<use f='linux-5.3.1/include/trace/events/random.h' l='223' macro='1' u='w'/>
<use f='linux-5.3.1/include/trace/events/random.h' l='263' macro='1' u='w'/>
<use f='linux-5.3.1/include/trace/events/random.h' l='288' macro='1' u='w'/>
<use f='linux-5.3.1/include/trace/events/clk.h' l='15' macro='1' u='w'/>
<use f='linux-5.3.1/include/trace/events/clk.h' l='88' macro='1' u='w'/>
<use f='linux-5.3.1/include/trace/events/clk.h' l='121' macro='1' u='w'/>
<use f='linux-5.3.1/include/trace/events/clk.h' l='154' macro='1' u='w'/>
<use f='linux-5.3.1/include/trace/events/clk.h' l='187' macro='1' u='w'/>
<use f='linux-5.3.1/include/trace/events/dma_fence.h' l='12' macro='1' u='w'/>
<use f='linux-5.3.1/drivers/gpu/drm/drm_trace.h' l='15' macro='1' u='w'/>
<use f='linux-5.3.1/drivers/gpu/drm/drm_trace.h' l='29' macro='1' u='w'/>
<use f='linux-5.3.1/drivers/gpu/drm/drm_trace.h' l='46' macro='1' u='w'/>
<use f='linux-5.3.1/include/trace/events/hwmon.h' l='10' macro='1' u='w'/>
<use f='linux-5.3.1/include/trace/events/hwmon.h' l='46' macro='1' u='w'/>
<use f='linux-5.3.1/include/trace/events/i2c.h' l='25' macro='1' u='w'/>
<use f='linux-5.3.1/include/trace/events/i2c.h' l='58' macro='1' u='w'/>
<use f='linux-5.3.1/include/trace/events/i2c.h' l='89' macro='1' u='w'/>
<use f='linux-5.3.1/include/trace/events/i2c.h' l='122' macro='1' u='w'/>
<use f='linux-5.3.1/include/trace/events/smbus.h' l='23' macro='1' u='w'/>
<use f='linux-5.3.1/include/trace/events/smbus.h' l='91' macro='1' u='w'/>
<use f='linux-5.3.1/include/trace/events/smbus.h' l='133' macro='1' u='w'/>
<use f='linux-5.3.1/include/trace/events/smbus.h' l='199' macro='1' u='w'/>
<use f='linux-5.3.1/include/trace/events/iommu.h' l='18' macro='1' u='w'/>
<use f='linux-5.3.1/include/trace/events/iommu.h' l='54' macro='1' u='w'/>
<use f='linux-5.3.1/include/trace/events/iommu.h' l='86' macro='1' u='w'/>
<use f='linux-5.3.1/include/trace/events/iommu.h' l='109' macro='1' u='w'/>
<use f='linux-5.3.1/include/trace/events/iommu.h' l='132' macro='1' u='w'/>
<use f='linux-5.3.1/include/trace/events/mdio.h' l='10' macro='1' u='w'/>
<use f='linux-5.3.1/include/trace/events/rtc.h' l='10' macro='1' u='w'/>
<use f='linux-5.3.1/include/trace/events/rtc.h' l='59' macro='1' u='w'/>
<use f='linux-5.3.1/include/trace/events/rtc.h' l='80' macro='1' u='w'/>
<use f='linux-5.3.1/include/trace/events/rtc.h' l='102' macro='1' u='w'/>
<use f='linux-5.3.1/include/trace/events/rtc.h' l='124' macro='1' u='w'/>
<use f='linux-5.3.1/include/trace/events/rtc.h' l='159' macro='1' u='w'/>
<use f='linux-5.3.1/include/trace/events/scsi.h' l='200' macro='1' u='w'/>
<use f='linux-5.3.1/include/trace/events/scsi.h' l='242' macro='1' u='w'/>
<use f='linux-5.3.1/include/trace/events/scsi.h' l='287' macro='1' u='w'/>
<use f='linux-5.3.1/include/trace/events/scsi.h' l='344' macro='1' u='w'/>
<use f='linux-5.3.1/include/trace/events/writeback.h' l='56' macro='1' u='w'/>
<use f='linux-5.3.1/include/trace/events/writeback.h' l='96' macro='1' u='w'/>
<use f='linux-5.3.1/include/trace/events/writeback.h' l='179' macro='1' u='w'/>
<use f='linux-5.3.1/include/trace/events/writeback.h' l='222' macro='1' u='w'/>
<use f='linux-5.3.1/include/trace/events/writeback.h' l='271' macro='1' u='w'/>
<use f='linux-5.3.1/include/trace/events/writeback.h' l='283' macro='1' u='w'/>
<use f='linux-5.3.1/include/trace/events/writeback.h' l='306' macro='1' u='w'/>
<use f='linux-5.3.1/include/trace/events/writeback.h' l='320' macro='1' u='w'/>
<use f='linux-5.3.1/include/trace/events/writeback.h' l='374' macro='1' u='w'/>
<use f='linux-5.3.1/include/trace/events/writeback.h' l='407' macro='1' u='w'/>
<use f='linux-5.3.1/include/trace/events/writeback.h' l='455' macro='1' u='w'/>
<use f='linux-5.3.1/include/trace/events/writeback.h' l='501' macro='1' u='w'/>
<use f='linux-5.3.1/include/trace/events/writeback.h' l='586' macro='1' u='w'/>
<use f='linux-5.3.1/include/trace/events/writeback.h' l='618' macro='1' u='w'/>
<use f='linux-5.3.1/include/trace/events/writeback.h' l='653' macro='1' u='w'/>
<use f='linux-5.3.1/include/trace/events/writeback.h' l='713' macro='1' u='w'/>
<use f='linux-5.3.1/include/trace/events/filelock.h' l='38' macro='1' u='w'/>
<use f='linux-5.3.1/include/trace/events/filelock.h' l='62' macro='1' u='w'/>
<use f='linux-5.3.1/include/trace/events/filelock.h' l='119' macro='1' u='w'/>
<use f='linux-5.3.1/include/trace/events/filelock.h' l='171' macro='1' u='w'/>
<use f='linux-5.3.1/include/trace/events/filelock.h' l='206' macro='1' u='w'/>
<use f='linux-5.3.1/include/trace/events/initcall.h' l='10' macro='1' u='w'/>
<use f='linux-5.3.1/include/trace/events/initcall.h' l='27' macro='1' u='w'/>
<use f='linux-5.3.1/include/trace/events/initcall.h' l='48' macro='1' u='w'/>
<use f='linux-5.3.1/include/trace/events/xdp.h' l='28' macro='1' u='w'/>
<use f='linux-5.3.1/include/trace/events/xdp.h' l='53' macro='1' u='w'/>
<use f='linux-5.3.1/include/trace/events/xdp.h' l='82' macro='1' u='w'/>
<use f='linux-5.3.1/include/trace/events/xdp.h' l='140' macro='1' u='w'/>
<use f='linux-5.3.1/include/trace/events/xdp.h' l='155' macro='1' u='w'/>
<use f='linux-5.3.1/include/trace/events/xdp.h' l='189' macro='1' u='w'/>
<use f='linux-5.3.1/include/trace/events/xdp.h' l='224' macro='1' u='w'/>
<use f='linux-5.3.1/include/trace/events/xdp.h' l='259' macro='1' u='w'/>
<use f='linux-5.3.1/include/trace/events/xdp.h' l='317' macro='1' u='w'/>
<use f='linux-5.3.1/include/trace/events/xdp.h' l='355' macro='1' u='w'/>
<use f='linux-5.3.1/include/trace/events/xdp.h' l='389' macro='1' u='w'/>
<use f='linux-5.3.1/include/trace/events/cpuhp.h' l='10' macro='1' u='w'/>
<use f='linux-5.3.1/include/trace/events/cpuhp.h' l='37' macro='1' u='w'/>
<use f='linux-5.3.1/include/trace/events/cpuhp.h' l='65' macro='1' u='w'/>
<use f='linux-5.3.1/include/trace/events/swiotlb.h' l='10' macro='1' u='w'/>
<use f='linux-5.3.1/include/trace/events/irq_matrix.h' l='12' macro='1' u='w'/>
<use f='linux-5.3.1/include/trace/events/irq_matrix.h' l='37' macro='1' u='w'/>
<use f='linux-5.3.1/include/trace/events/irq_matrix.h' l='65' macro='1' u='w'/>
<use f='linux-5.3.1/include/trace/events/printk.h' l='10' macro='1' u='w'/>
<use f='linux-5.3.1/include/trace/events/rseq.h' l='11' macro='1' u='w'/>
<use f='linux-5.3.1/include/trace/events/rseq.h' l='28' macro='1' u='w'/>
<use f='linux-5.3.1/include/trace/events/signal.h' l='50' macro='1' u='w'/>
<use f='linux-5.3.1/include/trace/events/signal.h' l='96' macro='1' u='w'/>
<use f='linux-5.3.1/include/trace/events/alarmtimer.h' l='23' macro='1' u='w'/>
<use f='linux-5.3.1/include/trace/events/alarmtimer.h' l='45' macro='1' u='w'/>
<use f='linux-5.3.1/kernel/trace/blktrace.c' l='1556' u='w'/>
<use f='linux-5.3.1/kernel/trace/trace.c' l='2515' u='r' c='output_printk'/>
<use f='linux-5.3.1/kernel/trace/trace.c' l='2523' u='r' c='output_printk'/>
<use f='linux-5.3.1/kernel/trace/trace.c' l='3722' u='r' c='print_trace_fmt'/>
<use f='linux-5.3.1/kernel/trace/trace_kprobe.c' l='1351' u='w'/>
<use f='linux-5.3.1/kernel/trace/trace_kprobe.c' l='1355' u='w'/>
<use f='linux-5.3.1/kernel/trace/trace_output.c' l='761' u='r' c='register_trace_event'/>
<use f='linux-5.3.1/kernel/trace/trace_output.c' l='762' u='w' c='register_trace_event'/>
<use f='linux-5.3.1/kernel/trace/trace_output.c' l='882' u='w'/>
<use f='linux-5.3.1/kernel/trace/trace_output.c' l='1022' u='w'/>
<use f='linux-5.3.1/kernel/trace/trace_output.c' l='1034' u='w'/>
<use f='linux-5.3.1/kernel/trace/trace_output.c' l='1074' u='w'/>
<use f='linux-5.3.1/kernel/trace/trace_output.c' l='1127' u='w'/>
<use f='linux-5.3.1/kernel/trace/trace_output.c' l='1191' u='w'/>
<use f='linux-5.3.1/kernel/trace/trace_output.c' l='1235' u='w'/>
<use f='linux-5.3.1/kernel/trace/trace_output.c' l='1279' u='w'/>
<use f='linux-5.3.1/kernel/trace/trace_output.c' l='1316' u='w'/>
<use f='linux-5.3.1/kernel/trace/trace_output.c' l='1345' u='w'/>
<use f='linux-5.3.1/kernel/trace/trace_uprobe.c' l='1321' u='w'/>
<use f='linux-5.3.1/include/trace/events/workqueue.h' l='11' macro='1' u='w'/>
<use f='linux-5.3.1/include/trace/events/workqueue.h' l='40' macro='1' u='w'/>
<use f='linux-5.3.1/include/trace/events/workqueue.h' l='89' macro='1' u='w'/>
<use f='linux-5.3.1/include/trace/events/compaction.h' l='14' macro='1' u='w'/>
<use f='linux-5.3.1/include/trace/events/compaction.h' l='68' macro='1' u='w'/>
<use f='linux-5.3.1/include/trace/events/compaction.h' l='106' macro='1' u='w'/>
<use f='linux-5.3.1/include/trace/events/compaction.h' l='136' macro='1' u='w'/>
<use f='linux-5.3.1/include/trace/events/compaction.h' l='170' macro='1' u='w'/>
<use f='linux-5.3.1/include/trace/events/compaction.h' l='197' macro='1' u='w'/>
<use f='linux-5.3.1/include/trace/events/compaction.h' l='244' macro='1' u='w'/>
<use f='linux-5.3.1/include/trace/events/compaction.h' l='298' macro='1' u='w'/>
<use f='linux-5.3.1/include/trace/events/compaction.h' l='315' macro='1' u='w'/>
<use f='linux-5.3.1/include/trace/events/filemap.h' l='16' macro='1' u='w'/>
<use f='linux-5.3.1/include/trace/events/filemap.h' l='57' macro='1' u='w'/>
<use f='linux-5.3.1/include/trace/events/filemap.h' l='82' macro='1' u='w'/>
<use f='linux-5.3.1/include/trace/events/migrate.h' l='46' macro='1' u='w'/>
<use f='linux-5.3.1/include/trace/events/percpu.h' l='10' macro='1' u='w'/>
<use f='linux-5.3.1/include/trace/events/percpu.h' l='43' macro='1' u='w'/>
<use f='linux-5.3.1/include/trace/events/percpu.h' l='65' macro='1' u='w'/>
<use f='linux-5.3.1/include/trace/events/percpu.h' l='90' macro='1' u='w'/>
<use f='linux-5.3.1/include/trace/events/percpu.h' l='107' macro='1' u='w'/>
<use f='linux-5.3.1/include/trace/events/pagemap.h' l='28' macro='1' u='w'/>
<use f='linux-5.3.1/include/trace/events/pagemap.h' l='64' macro='1' u='w'/>
<use f='linux-5.3.1/include/trace/events/vmscan.h' l='35' macro='1' u='w'/>
<use f='linux-5.3.1/include/trace/events/vmscan.h' l='52' macro='1' u='w'/>
<use f='linux-5.3.1/include/trace/events/vmscan.h' l='75' macro='1' u='w'/>
<use f='linux-5.3.1/include/trace/events/vmscan.h' l='101' macro='1' u='w'/>
<use f='linux-5.3.1/include/trace/events/vmscan.h' l='145' macro='1' u='w'/>
<use f='linux-5.3.1/include/trace/events/vmscan.h' l='185' macro='1' u='w'/>
<use f='linux-5.3.1/include/trace/events/vmscan.h' l='230' macro='1' u='w'/>
<use f='linux-5.3.1/include/trace/events/vmscan.h' l='267' macro='1' u='w'/>
<use f='linux-5.3.1/include/trace/events/vmscan.h' l='312' macro='1' u='w'/>
<use f='linux-5.3.1/include/trace/events/vmscan.h' l='335' macro='1' u='w'/>
<use f='linux-5.3.1/include/trace/events/vmscan.h' l='386' macro='1' u='w'/>
<use f='linux-5.3.1/include/trace/events/vmscan.h' l='422' macro='1' u='w'/>
<use f='linux-5.3.1/include/trace/events/vmscan.h' l='463' macro='1' u='w'/>
<use f='linux-5.3.1/include/trace/events/sock.h' l='70' macro='1' u='w'/>
<use f='linux-5.3.1/include/trace/events/sock.h' l='92' macro='1' u='w'/>
<use f='linux-5.3.1/include/trace/events/sock.h' l='137' macro='1' u='w'/>
<use f='linux-5.3.1/include/trace/events/udp.h' l='11' macro='1' u='w'/>
<use f='linux-5.3.1/include/trace/events/tcp.h' l='50' macro='1' u='w'/>
<use f='linux-5.3.1/include/trace/events/tcp.h' l='118' macro='1' u='w'/>
<use f='linux-5.3.1/include/trace/events/tcp.h' l='184' macro='1' u='w'/>
<use f='linux-5.3.1/include/trace/events/tcp.h' l='229' macro='1' u='w'/>
<use f='linux-5.3.1/include/trace/events/fib.h' l='13' macro='1' u='w'/>
<use f='linux-5.3.1/include/trace/events/qdisc.h' l='12' macro='1' u='w'/>
<use f='linux-5.3.1/include/trace/events/fib6.h' l='13' macro='1' u='w'/>
<use f='linux-5.3.1/sound/pci/hda/hda_controller_trace.h' l='14' macro='1' u='w'/>
<use f='linux-5.3.1/sound/pci/hda/hda_controller_trace.h' l='35' macro='1' u='w'/>
<use f='linux-5.3.1/sound/pci/hda/hda_controller_trace.h' l='58' macro='1' u='w'/>
<use f='linux-5.3.1/sound/pci/hda/hda_intel_trace.h' l='11' macro='1' u='w'/>
