<dec f='linux-5.3.1/include/net/xfrm.h' l='616' type='struct (anonymous struct at /home/woboq/linux-5.3.1/./include/net/xfrm.h:613:3)'/>
<offset>0</offset>
<use f='linux-5.3.1/net/ipv6/ah6.c' l='413' u='m' c='ah6_output'/>
<use f='linux-5.3.1/net/ipv6/ah6.c' l='413' u='m' c='ah6_output'/>
<use f='linux-5.3.1/net/ipv6/ah6.c' l='413' u='m' c='ah6_output'/>
<use f='linux-5.3.1/net/ipv6/ah6.c' l='413' u='m' c='ah6_output'/>
<use f='linux-5.3.1/net/ipv6/ah6.c' l='413' u='m' c='ah6_output'/>
<use f='linux-5.3.1/net/ipv6/ah6.c' l='413' u='m' c='ah6_output'/>
<use f='linux-5.3.1/net/ipv6/ah6.c' l='422' u='m' c='ah6_output'/>
<use f='linux-5.3.1/net/ipv6/ah6.c' l='422' u='m' c='ah6_output'/>
<use f='linux-5.3.1/net/ipv6/ah6.c' l='422' u='m' c='ah6_output'/>
<use f='linux-5.3.1/net/ipv6/ah6.c' l='422' u='m' c='ah6_output'/>
<use f='linux-5.3.1/net/ipv6/ah6.c' l='422' u='m' c='ah6_output'/>
<use f='linux-5.3.1/net/ipv6/ah6.c' l='422' u='m' c='ah6_output'/>
<use f='linux-5.3.1/net/ipv6/esp6.c' l='194' u='m' c='esp_output_set_esn'/>
<use f='linux-5.3.1/net/ipv6/esp6.c' l='194' u='m' c='esp_output_set_esn'/>
<use f='linux-5.3.1/net/ipv6/esp6.c' l='194' u='m' c='esp_output_set_esn'/>
<use f='linux-5.3.1/net/ipv6/esp6.c' l='194' u='m' c='esp_output_set_esn'/>
<use f='linux-5.3.1/net/ipv6/esp6.c' l='194' u='m' c='esp_output_set_esn'/>
<use f='linux-5.3.1/net/ipv6/esp6.c' l='194' u='m' c='esp_output_set_esn'/>
<use f='linux-5.3.1/net/ipv6/esp6.c' l='464' u='m' c='esp6_output'/>
<use f='linux-5.3.1/net/ipv6/esp6.c' l='464' u='m' c='esp6_output'/>
<use f='linux-5.3.1/net/ipv6/esp6.c' l='464' u='m' c='esp6_output'/>
<use f='linux-5.3.1/net/ipv6/esp6.c' l='464' u='m' c='esp6_output'/>
<use f='linux-5.3.1/net/ipv6/esp6.c' l='464' u='m' c='esp6_output'/>
<use f='linux-5.3.1/net/ipv6/esp6.c' l='464' u='m' c='esp6_output'/>
<use f='linux-5.3.1/net/ipv6/esp6.c' l='465' u='m' c='esp6_output'/>
<use f='linux-5.3.1/net/ipv6/esp6.c' l='466' u='m' c='esp6_output'/>
<use f='linux-5.3.1/net/ipv6/esp6.c' l='465' u='m' c='esp6_output'/>
<use f='linux-5.3.1/net/ipv6/esp6.c' l='466' u='m' c='esp6_output'/>
<use f='linux-5.3.1/net/ipv6/esp6.c' l='465' u='m' c='esp6_output'/>
<use f='linux-5.3.1/net/ipv6/esp6.c' l='466' u='m' c='esp6_output'/>
<use f='linux-5.3.1/net/ipv6/esp6.c' l='465' u='m' c='esp6_output'/>
<use f='linux-5.3.1/net/ipv6/esp6.c' l='466' u='m' c='esp6_output'/>
<use f='linux-5.3.1/net/ipv6/esp6.c' l='465' u='m' c='esp6_output'/>
<use f='linux-5.3.1/net/ipv6/esp6.c' l='466' u='m' c='esp6_output'/>
<use f='linux-5.3.1/net/ipv6/esp6.c' l='465' u='m' c='esp6_output'/>
<use f='linux-5.3.1/net/ipv6/esp6.c' l='466' u='m' c='esp6_output'/>
<use f='linux-5.3.1/net/ipv6/esp6.c' l='465' u='m' c='esp6_output'/>
<use f='linux-5.3.1/net/ipv6/esp6.c' l='466' u='m' c='esp6_output'/>
<use f='linux-5.3.1/net/ipv6/esp6.c' l='465' u='m' c='esp6_output'/>
<use f='linux-5.3.1/net/ipv6/esp6.c' l='466' u='m' c='esp6_output'/>
<use f='linux-5.3.1/net/ipv6/esp6.c' l='465' u='m' c='esp6_output'/>
<use f='linux-5.3.1/net/ipv6/esp6.c' l='466' u='m' c='esp6_output'/>
<use f='linux-5.3.1/net/ipv6/esp6.c' l='465' u='m' c='esp6_output'/>
<use f='linux-5.3.1/net/ipv6/esp6.c' l='466' u='m' c='esp6_output'/>
<use f='linux-5.3.1/net/xfrm/xfrm_replay.c' l='90' u='m' c='xfrm_replay_overflow'/>
<use f='linux-5.3.1/net/xfrm/xfrm_replay.c' l='91' u='m' c='xfrm_replay_overflow'/>
<use f='linux-5.3.1/net/xfrm/xfrm_replay.c' l='169' u='m' c='xfrm_replay_overflow_bmp'/>
<use f='linux-5.3.1/net/xfrm/xfrm_replay.c' l='170' u='m' c='xfrm_replay_overflow_bmp'/>
<use f='linux-5.3.1/net/xfrm/xfrm_replay.c' l='401' u='m' c='xfrm_replay_overflow_esn'/>
<use f='linux-5.3.1/net/xfrm/xfrm_replay.c' l='402' u='m' c='xfrm_replay_overflow_esn'/>
<use f='linux-5.3.1/net/xfrm/xfrm_replay.c' l='405' u='m' c='xfrm_replay_overflow_esn'/>
